Using pre-set license
Built from '2022.3/staging' branch; Version is '2022.3.54f1 (129125d4e700) revision 1216805'; Using compiler version '192829333'; Build Type 'Release'
OS: 'Windows 11  (10.0.26100) 64bit Professional' Language: 'tr' Physical Memory: 16088 MB
BatchMode: 1, IsHumanControllingUs: 0, StartBugReporterOnCrash: 0, Is64bit: 1, IsPro: 1

COMMAND LINE ARGUMENTS:
C:\Program Files\Unity\Hub\Editor\2022.3.54f1\Editor\Unity.exe
-adb2
-batchMode
-noUpm
-name
AssetImportWorker0
-projectPath
C:/Users/Acer/Desktop/RunnerTech/RunnerTech
-logFile
Logs/AssetImportWorker0.log
-srvPort
58373
Successfully changed project path to: C:/Users/Acer/Desktop/RunnerTech/RunnerTech
C:/Users/Acer/Desktop/RunnerTech/RunnerTech
[UnityMemory] Configuration Parameters - Can be set up in boot.config
    "memorysetup-bucket-allocator-granularity=16"
    "memorysetup-bucket-allocator-bucket-count=8"
    "memorysetup-bucket-allocator-block-size=33554432"
    "memorysetup-bucket-allocator-block-count=8"
    "memorysetup-main-allocator-block-size=16777216"
    "memorysetup-thread-allocator-block-size=16777216"
    "memorysetup-gfx-main-allocator-block-size=16777216"
    "memorysetup-gfx-thread-allocator-block-size=16777216"
    "memorysetup-cache-allocator-block-size=4194304"
    "memorysetup-typetree-allocator-block-size=2097152"
    "memorysetup-profiler-bucket-allocator-granularity=16"
    "memorysetup-profiler-bucket-allocator-bucket-count=8"
    "memorysetup-profiler-bucket-allocator-block-size=33554432"
    "memorysetup-profiler-bucket-allocator-block-count=8"
    "memorysetup-profiler-allocator-block-size=16777216"
    "memorysetup-profiler-editor-allocator-block-size=1048576"
    "memorysetup-temp-allocator-size-main=16777216"
    "memorysetup-job-temp-allocator-block-size=2097152"
    "memorysetup-job-temp-allocator-block-size-background=1048576"
    "memorysetup-job-temp-allocator-reduction-small-platforms=262144"
    "memorysetup-allocator-temp-initial-block-size-main=262144"
    "memorysetup-allocator-temp-initial-block-size-worker=262144"
    "memorysetup-temp-allocator-size-background-worker=32768"
    "memorysetup-temp-allocator-size-job-worker=262144"
    "memorysetup-temp-allocator-size-preload-manager=33554432"
    "memorysetup-temp-allocator-size-nav-mesh-worker=65536"
    "memorysetup-temp-allocator-size-audio-worker=65536"
    "memorysetup-temp-allocator-size-cloud-worker=32768"
    "memorysetup-temp-allocator-size-gi-baking-worker=262144"
    "memorysetup-temp-allocator-size-gfx=262144"
Player connection [15716]  Target information:

Player connection [15716]  * "[IP] 192.168.235.3 [Port] 0 [Flags] 2 [Guid] 1959122537 [EditorId] 1959122537 [Version] 1048832 [Id] WindowsEditor(7,iso-pc) [Debug] 1 [PackageName] WindowsEditor [ProjectName] Editor" 

Player connection [15716] Host joined multi-casting on [225.0.0.222:54997]...
Player connection [15716] Host joined alternative multi-casting on [225.0.0.222:34997]...
[PhysX] Initialized MultithreadedTaskDispatcher with 20 workers.
Refreshing native plugins compatible for Editor in 12.68 ms, found 4 plugins.
Preloading 0 native plugins for Editor in 0.00 ms.
Initialize engine version: 2022.3.54f1 (129125d4e700)
[Subsystems] Discovering subsystems at path C:/Program Files/Unity/Hub/Editor/2022.3.54f1/Editor/Data/Resources/UnitySubsystems
[Subsystems] Discovering subsystems at path C:/Users/Acer/Desktop/RunnerTech/RunnerTech/Assets
GfxDevice: creating device client; threaded=0; jobified=0
Direct3D:
    Version:  Direct3D 11.0 [level 11.1]
    Renderer: NVIDIA GeForce RTX 3050 Ti Laptop GPU (ID=0x25a0)
    Vendor:   NVIDIA
    VRAM:     3962 MB
    Driver:   32.0.15.6636
Initialize mono
Mono path[0] = 'C:/Program Files/Unity/Hub/Editor/2022.3.54f1/Editor/Data/Managed'
Mono path[1] = 'C:/Program Files/Unity/Hub/Editor/2022.3.54f1/Editor/Data/MonoBleedingEdge/lib/mono/unityjit-win32'
Mono config path = 'C:/Program Files/Unity/Hub/Editor/2022.3.54f1/Editor/Data/MonoBleedingEdge/etc'
Using monoOptions --debugger-agent=transport=dt_socket,embedding=1,server=y,suspend=n,address=127.0.0.1:56484
Begin MonoManager ReloadAssembly
Registering precompiled unity dll's ...
Register platform support module: C:/Program Files/Unity/Hub/Editor/2022.3.54f1/Editor/Data/PlaybackEngines/WindowsStandaloneSupport/UnityEditor.WindowsStandalone.Extensions.dll
Registered in 0.006827 seconds.
- Loaded All Assemblies, in  0.358 seconds
Native extension for WindowsStandalone target not found
Mono: successfully reloaded assembly
- Finished resetting the current domain, in  0.271 seconds
Domain Reload Profiling: 626ms
	BeginReloadAssembly (110ms)
		ExecutionOrderSort (0ms)
		DisableScriptedObjects (0ms)
		BackupInstance (0ms)
		ReleaseScriptingObjects (0ms)
		CreateAndSetChildDomain (1ms)
	RebuildCommonClasses (31ms)
	RebuildNativeTypeToScriptingClass (9ms)
	initialDomainReloadingComplete (60ms)
	LoadAllAssembliesAndSetupDomain (144ms)
		LoadAssemblies (110ms)
		RebuildTransferFunctionScriptingTraits (0ms)
		AnalyzeDomain (139ms)
			TypeCache.Refresh (138ms)
				TypeCache.ScanAssembly (122ms)
			ScanForSourceGeneratedMonoScriptInfo (0ms)
			ResolveRequiredComponents (0ms)
	FinalizeReload (271ms)
		ReleaseScriptCaches (0ms)
		RebuildScriptCaches (0ms)
		SetupLoadedEditorAssemblies (223ms)
			LogAssemblyErrors (0ms)
			InitializePlatformSupportModulesInManaged (11ms)
			SetLoadedEditorAssemblies (7ms)
			RefreshPlugins (0ms)
			BeforeProcessingInitializeOnLoad (3ms)
			ProcessInitializeOnLoadAttributes (153ms)
			ProcessInitializeOnLoadMethodAttributes (49ms)
			AfterProcessingInitializeOnLoad (0ms)
			EditorAssembliesLoaded (0ms)
		ExecutionOrderSort2 (0ms)
		AwakeInstancesAfterBackupRestoration (0ms)
========================================================================
Worker process is ready to serve import requests
Caller must complete domain reload
Begin MonoManager ReloadAssembly
- Loaded All Assemblies, in  0.691 seconds
Native extension for WindowsStandalone target not found
Mono: successfully reloaded assembly
- Finished resetting the current domain, in  0.897 seconds
Domain Reload Profiling: 1586ms
	BeginReloadAssembly (159ms)
		ExecutionOrderSort (0ms)
		DisableScriptedObjects (6ms)
		BackupInstance (0ms)
		ReleaseScriptingObjects (0ms)
		CreateAndSetChildDomain (27ms)
	RebuildCommonClasses (32ms)
	RebuildNativeTypeToScriptingClass (10ms)
	initialDomainReloadingComplete (43ms)
	LoadAllAssembliesAndSetupDomain (444ms)
		LoadAssemblies (355ms)
		RebuildTransferFunctionScriptingTraits (0ms)
		AnalyzeDomain (176ms)
			TypeCache.Refresh (145ms)
				TypeCache.ScanAssembly (127ms)
			ScanForSourceGeneratedMonoScriptInfo (25ms)
			ResolveRequiredComponents (4ms)
	FinalizeReload (897ms)
		ReleaseScriptCaches (0ms)
		RebuildScriptCaches (0ms)
		SetupLoadedEditorAssemblies (717ms)
			LogAssemblyErrors (0ms)
			InitializePlatformSupportModulesInManaged (6ms)
			SetLoadedEditorAssemblies (4ms)
			RefreshPlugins (0ms)
			BeforeProcessingInitializeOnLoad (68ms)
			ProcessInitializeOnLoadAttributes (580ms)
			ProcessInitializeOnLoadMethodAttributes (50ms)
			AfterProcessingInitializeOnLoad (8ms)
			EditorAssembliesLoaded (0ms)
		ExecutionOrderSort2 (0ms)
		AwakeInstancesAfterBackupRestoration (11ms)
Launched and connected shader compiler UnityShaderCompiler.exe after 0.05 seconds
Refreshing native plugins compatible for Editor in 7.58 ms, found 4 plugins.
Preloading 0 native plugins for Editor in 0.00 ms.
Unloading 3981 Unused Serialized files (Serialized files now loaded: 0)
Unloading 32 unused Assets / (57.2 KB). Loaded Objects now: 4453.
Memory consumption went from 143.3 MB to 143.3 MB.
Total: 5.233500 ms (FindLiveObjects: 0.332100 ms CreateObjectMapping: 0.176300 ms MarkObjects: 4.600200 ms  DeleteObjects: 0.123700 ms)

AssetImportParameters requested are different than current active one (requested -> active):
  custom:container-demuxer-ogg: 62fdf1f143b41e24485cea50d1cbac27 -> 
  custom:video-decoder-ogg-theora: a1e56fd34408186e4bbccfd4996cb3dc -> 
  custom:framework-win-MediaFoundation: 216162199b28c13a410421893ffa2e32 -> 
  custom:CustomObjectIndexerAttribute: 9a22284fe3817be447336de3de66b15e -> 
  custom:container-demuxer-webm: 4f35f7cbe854078d1ac9338744f61a02 -> 
  custom:container-muxer-webm: aa71ff27fc2769a1b78a27578f13a17b -> 
  custom:video-decoder-webm-vp8: 9c59270c3fd7afecdb556c50c9e8de78 -> 
  custom:SearchIndexIgnoredProperties: e643bd26f0fe6173181afceb89e7c659 -> 
  custom:AudioImporter_EditorPlatform: d09bf68614088b80899f8185d706f6e7 -> 
  custom:video-encoder-webm-vp8: eb34c28f22e8b96e1ab97ce403110664 -> 
  custom:audio-decoder-ogg-vorbis: bf7c407c2cedff20999df2af8eb42d56 -> 
  custom:audio-encoder-webm-vorbis: bf7c407c2cedff20999df2af8eb42d56 -> 
========================================================================
Received Import Request.
  Time since last request: 45067.502492 seconds.
  path: Assets/_Heathen Engineering/Assets/Common/Images/Heathen Corporate/Heathen Logo 2019.png
  artifactKey: Guid(9a5dc521372f65d47aa5077047bd5606) Importer(815301076,1909f56bfc062723c751e8b465ee728b)
Start importing Assets/_Heathen Engineering/Assets/Common/Images/Heathen Corporate/Heathen Logo 2019.png using Guid(9a5dc521372f65d47aa5077047bd5606) Importer(815301076,1909f56bfc062723c751e8b465ee728b) [PhysX] Initialized MultithreadedTaskDispatcher with 20 workers.
[PhysX] Initialized MultithreadedTaskDispatcher with 20 workers.
 -> (artifact id: '20e5e93c86efa5a4dd1e5ddb04d39cf6') in 0.071429 seconds
Number of updated asset objects reloaded before import = 0
Number of asset objects unloaded after import = 2
========================================================================
Received Import Request.
  Time since last request: 0.000044 seconds.
  path: Assets/_Heathen Engineering/Assets/Common/Images/Heathen Corporate/Heathen Logo With ShortName.png
  artifactKey: Guid(8c3da12796561974389dc214061914cc) Importer(815301076,1909f56bfc062723c751e8b465ee728b)
Start importing Assets/_Heathen Engineering/Assets/Common/Images/Heathen Corporate/Heathen Logo With ShortName.png using Guid(8c3da12796561974389dc214061914cc) Importer(815301076,1909f56bfc062723c751e8b465ee728b) [PhysX] Initialized MultithreadedTaskDispatcher with 20 workers.
[PhysX] Initialized MultithreadedTaskDispatcher with 20 workers.
 -> (artifact id: 'c96ad03b905c5f4285e0f7ce7cb563c6') in 0.025162 seconds
Number of updated asset objects reloaded before import = 0
Number of asset objects unloaded after import = 2
========================================================================
Received Import Request.
  Time since last request: 3.000263 seconds.
  path: Assets/_Heathen Engineering/Assets/UX/HeathenEngineering.UX.asmdef
  artifactKey: Guid(f5702ca0318eb1942af8daf18131f44d) Importer(815301076,1909f56bfc062723c751e8b465ee728b)
Start importing Assets/_Heathen Engineering/Assets/UX/HeathenEngineering.UX.asmdef using Guid(f5702ca0318eb1942af8daf18131f44d) Importer(815301076,1909f56bfc062723c751e8b465ee728b) [PhysX] Initialized MultithreadedTaskDispatcher with 20 workers.
 -> (artifact id: 'da67d02ff1a6a5c267c3cc3cdacdfa20') in 0.000752 seconds
Number of updated asset objects reloaded before import = 0
Number of asset objects unloaded after import = 0
========================================================================
Received Import Request.
  Time since last request: 13.650759 seconds.
  path: Assets/kenney_shape-characters/PNG/Default/blue_body_circle.png
  artifactKey: Guid(7a9256a50c45a2d4686787b46484d6e8) Importer(815301076,1909f56bfc062723c751e8b465ee728b)
Start importing Assets/kenney_shape-characters/PNG/Default/blue_body_circle.png using Guid(7a9256a50c45a2d4686787b46484d6e8) Importer(815301076,1909f56bfc062723c751e8b465ee728b) [PhysX] Initialized MultithreadedTaskDispatcher with 20 workers.
[PhysX] Initialized MultithreadedTaskDispatcher with 20 workers.
 -> (artifact id: '281b1f97b94a4ba20b4b4798d3b004c4') in 0.047893 seconds
Number of updated asset objects reloaded before import = 0
Number of asset objects unloaded after import = 3
========================================================================
Received Import Request.
  Time since last request: 0.000031 seconds.
  path: Assets/kenney_shape-characters/PNG/Default/blue_body_square.png
  artifactKey: Guid(8a82acbeb305d164e8d4d8013c3955a4) Importer(815301076,1909f56bfc062723c751e8b465ee728b)
Start importing Assets/kenney_shape-characters/PNG/Default/blue_body_square.png using Guid(8a82acbeb305d164e8d4d8013c3955a4) Importer(815301076,1909f56bfc062723c751e8b465ee728b) [PhysX] Initialized MultithreadedTaskDispatcher with 20 workers.
[PhysX] Initialized MultithreadedTaskDispatcher with 20 workers.
 -> (artifact id: '89edb7d7faceef429ef2f4741b280d41') in 0.014827 seconds
Number of updated asset objects reloaded before import = 0
Number of asset objects unloaded after import = 3
========================================================================
Received Import Request.
  Time since last request: 0.000035 seconds.
  path: Assets/kenney_shape-characters/PNG/Default/blue_hand_open.png
  artifactKey: Guid(80b0b3673f8e410428ba20f18d78ebba) Importer(815301076,1909f56bfc062723c751e8b465ee728b)
Start importing Assets/kenney_shape-characters/PNG/Default/blue_hand_open.png using Guid(80b0b3673f8e410428ba20f18d78ebba) Importer(815301076,1909f56bfc062723c751e8b465ee728b) [PhysX] Initialized MultithreadedTaskDispatcher with 20 workers.
[PhysX] Initialized MultithreadedTaskDispatcher with 20 workers.
 -> (artifact id: 'f8771050b023fe70fd0b843ef5ef6dfa') in 0.019337 seconds
Number of updated asset objects reloaded before import = 0
Number of asset objects unloaded after import = 3
========================================================================
Received Import Request.
  Time since last request: 0.000062 seconds.
  path: Assets/kenney_shape-characters/PNG/Default/blue_hand_thumb.png
  artifactKey: Guid(d8bb84afdcae58641a423722cd226826) Importer(815301076,1909f56bfc062723c751e8b465ee728b)
Start importing Assets/kenney_shape-characters/PNG/Default/blue_hand_thumb.png using Guid(d8bb84afdcae58641a423722cd226826) Importer(815301076,1909f56bfc062723c751e8b465ee728b) [PhysX] Initialized MultithreadedTaskDispatcher with 20 workers.
[PhysX] Initialized MultithreadedTaskDispatcher with 20 workers.
 -> (artifact id: '994fe4a46bb3872c90e7751693881b6a') in 0.016163 seconds
Number of updated asset objects reloaded before import = 0
Number of asset objects unloaded after import = 3
========================================================================
Received Import Request.
  Time since last request: 0.006499 seconds.
  path: Assets/kenney_shape-characters/PNG/Default/face_b.png
  artifactKey: Guid(481f706f0f59ff44e901d9e581be250b) Importer(815301076,1909f56bfc062723c751e8b465ee728b)
Start importing Assets/kenney_shape-characters/PNG/Default/face_b.png using Guid(481f706f0f59ff44e901d9e581be250b) Importer(815301076,1909f56bfc062723c751e8b465ee728b) [PhysX] Initialized MultithreadedTaskDispatcher with 20 workers.
[PhysX] Initialized MultithreadedTaskDispatcher with 20 workers.
 -> (artifact id: '5740966c0949288a767994326e8b98d5') in 0.019095 seconds
Number of updated asset objects reloaded before import = 0
Number of asset objects unloaded after import = 3
========================================================================
Received Import Request.
  Time since last request: 0.000019 seconds.
  path: Assets/kenney_shape-characters/PNG/Default/face_d.png
  artifactKey: Guid(c36e6b073749e5141a7d9b5b17129135) Importer(815301076,1909f56bfc062723c751e8b465ee728b)
Start importing Assets/kenney_shape-characters/PNG/Default/face_d.png using Guid(c36e6b073749e5141a7d9b5b17129135) Importer(815301076,1909f56bfc062723c751e8b465ee728b) [PhysX] Initialized MultithreadedTaskDispatcher with 20 workers.
[PhysX] Initialized MultithreadedTaskDispatcher with 20 workers.
 -> (artifact id: '45b432e4d3f45526693aea64b8394af3') in 0.019976 seconds
Number of updated asset objects reloaded before import = 0
Number of asset objects unloaded after import = 3
========================================================================
Received Import Request.
  Time since last request: 0.003716 seconds.
  path: Assets/kenney_shape-characters/PNG/Default/face_i.png
  artifactKey: Guid(d792544bff367b849a90a57b82c1cb49) Importer(815301076,1909f56bfc062723c751e8b465ee728b)
Start importing Assets/kenney_shape-characters/PNG/Default/face_i.png using Guid(d792544bff367b849a90a57b82c1cb49) Importer(815301076,1909f56bfc062723c751e8b465ee728b) [PhysX] Initialized MultithreadedTaskDispatcher with 20 workers.
[PhysX] Initialized MultithreadedTaskDispatcher with 20 workers.
 -> (artifact id: 'e7fda6e66ab96c6d61326e2c1764d06b') in 0.018541 seconds
Number of updated asset objects reloaded before import = 0
Number of asset objects unloaded after import = 3
========================================================================
Received Import Request.
  Time since last request: 0.000019 seconds.
  path: Assets/kenney_shape-characters/PNG/Default/face_c.png
  artifactKey: Guid(28ac4f38d2401714db129d01e9237a92) Importer(815301076,1909f56bfc062723c751e8b465ee728b)
Start importing Assets/kenney_shape-characters/PNG/Default/face_c.png using Guid(28ac4f38d2401714db129d01e9237a92) Importer(815301076,1909f56bfc062723c751e8b465ee728b) [PhysX] Initialized MultithreadedTaskDispatcher with 20 workers.
[PhysX] Initialized MultithreadedTaskDispatcher with 20 workers.
 -> (artifact id: '5626952499c6e36fe30fa55f9a2563e5') in 0.016510 seconds
Number of updated asset objects reloaded before import = 0
Number of asset objects unloaded after import = 3
========================================================================
Received Import Request.
  Time since last request: 0.000080 seconds.
  path: Assets/kenney_shape-characters/PNG/Default/facial_part_eye_closed_down.png
  artifactKey: Guid(a6e4384d62d531641ad6713612b6a1e5) Importer(815301076,1909f56bfc062723c751e8b465ee728b)
Start importing Assets/kenney_shape-characters/PNG/Default/facial_part_eye_closed_down.png using Guid(a6e4384d62d531641ad6713612b6a1e5) Importer(815301076,1909f56bfc062723c751e8b465ee728b) [PhysX] Initialized MultithreadedTaskDispatcher with 20 workers.
[PhysX] Initialized MultithreadedTaskDispatcher with 20 workers.
 -> (artifact id: 'bb2324b1d9f94a74d47270c5a66b534f') in 0.017966 seconds
Number of updated asset objects reloaded before import = 0
Number of asset objects unloaded after import = 3
========================================================================
Received Import Request.
  Time since last request: 0.000021 seconds.
  path: Assets/kenney_shape-characters/PNG/Default/facial_part_eye_half_bottom.png
  artifactKey: Guid(3ae784c20ecd86642a543f3a8e0487af) Importer(815301076,1909f56bfc062723c751e8b465ee728b)
Start importing Assets/kenney_shape-characters/PNG/Default/facial_part_eye_half_bottom.png using Guid(3ae784c20ecd86642a543f3a8e0487af) Importer(815301076,1909f56bfc062723c751e8b465ee728b) [PhysX] Initialized MultithreadedTaskDispatcher with 20 workers.
[PhysX] Initialized MultithreadedTaskDispatcher with 20 workers.
 -> (artifact id: '06e44316fd4c5d00b21cc293bf467f17') in 0.015240 seconds
Number of updated asset objects reloaded before import = 0
Number of asset objects unloaded after import = 3
========================================================================
Received Import Request.
  Time since last request: 0.000019 seconds.
  path: Assets/kenney_shape-characters/PNG/Default/facial_part_eye_closed_up.png
  artifactKey: Guid(2288e180ba629024a9fd9a157745913d) Importer(815301076,1909f56bfc062723c751e8b465ee728b)
Start importing Assets/kenney_shape-characters/PNG/Default/facial_part_eye_closed_up.png using Guid(2288e180ba629024a9fd9a157745913d) Importer(815301076,1909f56bfc062723c751e8b465ee728b) [PhysX] Initialized MultithreadedTaskDispatcher with 20 workers.
[PhysX] Initialized MultithreadedTaskDispatcher with 20 workers.
 -> (artifact id: 'b540764a729895a01e2d465877ff70ed') in 0.014222 seconds
Number of updated asset objects reloaded before import = 0
Number of asset objects unloaded after import = 3
========================================================================
Received Import Request.
  Time since last request: 0.000021 seconds.
  path: Assets/kenney_shape-characters/PNG/Default/facial_part_eyebrow_a.png
  artifactKey: Guid(9b17467fe02ccc64bbaac5ce7f565979) Importer(815301076,1909f56bfc062723c751e8b465ee728b)
Start importing Assets/kenney_shape-characters/PNG/Default/facial_part_eyebrow_a.png using Guid(9b17467fe02ccc64bbaac5ce7f565979) Importer(815301076,1909f56bfc062723c751e8b465ee728b) [PhysX] Initialized MultithreadedTaskDispatcher with 20 workers.
[PhysX] Initialized MultithreadedTaskDispatcher with 20 workers.
 -> (artifact id: '15336fdebc7a0fc7c108b6f5e230a5bc') in 0.013817 seconds
Number of updated asset objects reloaded before import = 0
Number of asset objects unloaded after import = 3
========================================================================
Received Import Request.
  Time since last request: 0.000020 seconds.
  path: Assets/kenney_shape-characters/PNG/Default/facial_part_eyebrow_b.png
  artifactKey: Guid(bfab938204f481d45835e0edc11e84f8) Importer(815301076,1909f56bfc062723c751e8b465ee728b)
Start importing Assets/kenney_shape-characters/PNG/Default/facial_part_eyebrow_b.png using Guid(bfab938204f481d45835e0edc11e84f8) Importer(815301076,1909f56bfc062723c751e8b465ee728b) [PhysX] Initialized MultithreadedTaskDispatcher with 20 workers.
[PhysX] Initialized MultithreadedTaskDispatcher with 20 workers.
 -> (artifact id: '8834de457d644ccad2afd404d9190b21') in 0.030734 seconds
Number of updated asset objects reloaded before import = 0
Number of asset objects unloaded after import = 3
========================================================================
Received Import Request.
  Time since last request: 0.000024 seconds.
  path: Assets/kenney_shape-characters/PNG/Default/face_l.png
  artifactKey: Guid(c35eb150f0c9a1849ac89940e4c2cb93) Importer(815301076,1909f56bfc062723c751e8b465ee728b)
Start importing Assets/kenney_shape-characters/PNG/Default/face_l.png using Guid(c35eb150f0c9a1849ac89940e4c2cb93) Importer(815301076,1909f56bfc062723c751e8b465ee728b) [PhysX] Initialized MultithreadedTaskDispatcher with 20 workers.
[PhysX] Initialized MultithreadedTaskDispatcher with 20 workers.
 -> (artifact id: 'b34eef0bc76fef6d95c895c256ffed69') in 0.030199 seconds
Number of updated asset objects reloaded before import = 0
Number of asset objects unloaded after import = 3
========================================================================
Received Import Request.
  Time since last request: 0.000035 seconds.
  path: Assets/kenney_shape-characters/PNG/Default/face_e.png
  artifactKey: Guid(60d231f4a9665bf44a6e8ac516059330) Importer(815301076,1909f56bfc062723c751e8b465ee728b)
Start importing Assets/kenney_shape-characters/PNG/Default/face_e.png using Guid(60d231f4a9665bf44a6e8ac516059330) Importer(815301076,1909f56bfc062723c751e8b465ee728b) [PhysX] Initialized MultithreadedTaskDispatcher with 20 workers.
[PhysX] Initialized MultithreadedTaskDispatcher with 20 workers.
 -> (artifact id: 'f09a799a0926d71948700d638bcc604a') in 0.023322 seconds
Number of updated asset objects reloaded before import = 0
Number of asset objects unloaded after import = 3
========================================================================
Received Import Request.
  Time since last request: 0.000034 seconds.
  path: Assets/kenney_shape-characters/PNG/Default/blue_hand_point.png
  artifactKey: Guid(ff601e0153420564bb9e01ceb9e8d9fb) Importer(815301076,1909f56bfc062723c751e8b465ee728b)
Start importing Assets/kenney_shape-characters/PNG/Default/blue_hand_point.png using Guid(ff601e0153420564bb9e01ceb9e8d9fb) Importer(815301076,1909f56bfc062723c751e8b465ee728b) [PhysX] Initialized MultithreadedTaskDispatcher with 20 workers.
[PhysX] Initialized MultithreadedTaskDispatcher with 20 workers.
 -> (artifact id: '4cb38e5216d5058b896fe4761747b9a9') in 0.022503 seconds
Number of updated asset objects reloaded before import = 0
Number of asset objects unloaded after import = 3
========================================================================
Received Import Request.
  Time since last request: 23.429964 seconds.
  path: Assets/kenney_shape-characters/PNG/Default/facial_part_mouth_happy.png
  artifactKey: Guid(a33833c21dafd364bb8e58d03cfad6c5) Importer(815301076,1909f56bfc062723c751e8b465ee728b)
Start importing Assets/kenney_shape-characters/PNG/Default/facial_part_mouth_happy.png using Guid(a33833c21dafd364bb8e58d03cfad6c5) Importer(815301076,1909f56bfc062723c751e8b465ee728b) [PhysX] Initialized MultithreadedTaskDispatcher with 20 workers.
[PhysX] Initialized MultithreadedTaskDispatcher with 20 workers.
 -> (artifact id: '941c088d8a8a07a62900b6da0670e7d4') in 0.018737 seconds
Number of updated asset objects reloaded before import = 0
Number of asset objects unloaded after import = 3
========================================================================
Received Import Request.
  Time since last request: 0.007688 seconds.
  path: Assets/kenney_shape-characters/PNG/Default/green_body_circle.png
  artifactKey: Guid(390581b9b7978f94792bbfc358c14a73) Importer(815301076,1909f56bfc062723c751e8b465ee728b)
Start importing Assets/kenney_shape-characters/PNG/Default/green_body_circle.png using Guid(390581b9b7978f94792bbfc358c14a73) Importer(815301076,1909f56bfc062723c751e8b465ee728b) [PhysX] Initialized MultithreadedTaskDispatcher with 20 workers.
[PhysX] Initialized MultithreadedTaskDispatcher with 20 workers.
 -> (artifact id: '0928deff9adbe570f17339d976c0e277') in 0.027275 seconds
Number of updated asset objects reloaded before import = 0
Number of asset objects unloaded after import = 3
========================================================================
Received Import Request.
  Time since last request: 0.001179 seconds.
  path: Assets/kenney_shape-characters/PNG/Default/green_body_square.png
  artifactKey: Guid(12ef02b4f0880494da775585c016a490) Importer(815301076,1909f56bfc062723c751e8b465ee728b)
Start importing Assets/kenney_shape-characters/PNG/Default/green_body_square.png using Guid(12ef02b4f0880494da775585c016a490) Importer(815301076,1909f56bfc062723c751e8b465ee728b) [PhysX] Initialized MultithreadedTaskDispatcher with 20 workers.
[PhysX] Initialized MultithreadedTaskDispatcher with 20 workers.
 -> (artifact id: '29ddf0b55b4f9a112ce74eed52a14b9b') in 0.021291 seconds
Number of updated asset objects reloaded before import = 0
Number of asset objects unloaded after import = 3
========================================================================
Received Import Request.
  Time since last request: 0.520350 seconds.
  path: Assets/kenney_shape-characters/PNG/Default/green_hand_point.png
  artifactKey: Guid(cb5d9401095834646ba3c0120db768d5) Importer(815301076,1909f56bfc062723c751e8b465ee728b)
Start importing Assets/kenney_shape-characters/PNG/Default/green_hand_point.png using Guid(cb5d9401095834646ba3c0120db768d5) Importer(815301076,1909f56bfc062723c751e8b465ee728b) [PhysX] Initialized MultithreadedTaskDispatcher with 20 workers.
[PhysX] Initialized MultithreadedTaskDispatcher with 20 workers.
 -> (artifact id: '2d460ab032ad61022399e16ea0d8ffe8') in 0.021762 seconds
Number of updated asset objects reloaded before import = 0
Number of asset objects unloaded after import = 3
========================================================================
Received Import Request.
  Time since last request: 0.029202 seconds.
  path: Assets/kenney_shape-characters/PNG/Default/hand_yellow_point.png
  artifactKey: Guid(dd37d98e4084baf4eb10f53bb0180cb7) Importer(815301076,1909f56bfc062723c751e8b465ee728b)
Start importing Assets/kenney_shape-characters/PNG/Default/hand_yellow_point.png using Guid(dd37d98e4084baf4eb10f53bb0180cb7) Importer(815301076,1909f56bfc062723c751e8b465ee728b) [PhysX] Initialized MultithreadedTaskDispatcher with 20 workers.
[PhysX] Initialized MultithreadedTaskDispatcher with 20 workers.
 -> (artifact id: '3fbacb95b7fb20e3af97c388be42d1ca') in 0.020998 seconds
Number of updated asset objects reloaded before import = 0
Number of asset objects unloaded after import = 3
========================================================================
Received Import Request.
  Time since last request: 0.400570 seconds.
  path: Assets/kenney_shape-characters/PNG/Default/pink_body_rhombus.png
  artifactKey: Guid(6c2bda15865569447967945d44676792) Importer(815301076,1909f56bfc062723c751e8b465ee728b)
Start importing Assets/kenney_shape-characters/PNG/Default/pink_body_rhombus.png using Guid(6c2bda15865569447967945d44676792) Importer(815301076,1909f56bfc062723c751e8b465ee728b) [PhysX] Initialized MultithreadedTaskDispatcher with 20 workers.
[PhysX] Initialized MultithreadedTaskDispatcher with 20 workers.
 -> (artifact id: 'ec59ff1b8c2d19dd77c38ff4c243cc6b') in 0.017587 seconds
Number of updated asset objects reloaded before import = 0
Number of asset objects unloaded after import = 3
========================================================================
Received Import Request.
  Time since last request: 0.009108 seconds.
  path: Assets/kenney_shape-characters/PNG/Default/pink_hand_closed.png
  artifactKey: Guid(afd022086e937c44b8251e795b66b3c3) Importer(815301076,1909f56bfc062723c751e8b465ee728b)
Start importing Assets/kenney_shape-characters/PNG/Default/pink_hand_closed.png using Guid(afd022086e937c44b8251e795b66b3c3) Importer(815301076,1909f56bfc062723c751e8b465ee728b) [PhysX] Initialized MultithreadedTaskDispatcher with 20 workers.
[PhysX] Initialized MultithreadedTaskDispatcher with 20 workers.
 -> (artifact id: '52d241147787b8111ae29c3e6799d647') in 0.019088 seconds
Number of updated asset objects reloaded before import = 0
Number of asset objects unloaded after import = 3
========================================================================
Received Import Request.
  Time since last request: 0.006913 seconds.
  path: Assets/kenney_shape-characters/PNG/Default/pink_hand_point.png
  artifactKey: Guid(a5c32658a76047c47a71249bd28f5c44) Importer(815301076,1909f56bfc062723c751e8b465ee728b)
Start importing Assets/kenney_shape-characters/PNG/Default/pink_hand_point.png using Guid(a5c32658a76047c47a71249bd28f5c44) Importer(815301076,1909f56bfc062723c751e8b465ee728b) [PhysX] Initialized MultithreadedTaskDispatcher with 20 workers.
[PhysX] Initialized MultithreadedTaskDispatcher with 20 workers.
 -> (artifact id: 'c7fad290c406e6fc4dde0f9e4c7228cb') in 0.019280 seconds
Number of updated asset objects reloaded before import = 0
Number of asset objects unloaded after import = 3
========================================================================
Received Import Request.
  Time since last request: 0.123399 seconds.
  path: Assets/kenney_shape-characters/PNG/Default/purple_body_rhombus.png
  artifactKey: Guid(54fe6972f39803e44ae76d01641f602a) Importer(815301076,1909f56bfc062723c751e8b465ee728b)
Start importing Assets/kenney_shape-characters/PNG/Default/purple_body_rhombus.png using Guid(54fe6972f39803e44ae76d01641f602a) Importer(815301076,1909f56bfc062723c751e8b465ee728b) [PhysX] Initialized MultithreadedTaskDispatcher with 20 workers.
[PhysX] Initialized MultithreadedTaskDispatcher with 20 workers.
 -> (artifact id: '51fa196388a76c666bd560d85b63618c') in 0.017636 seconds
Number of updated asset objects reloaded before import = 0
Number of asset objects unloaded after import = 3
========================================================================
Received Import Request.
  Time since last request: 0.014311 seconds.
  path: Assets/kenney_shape-characters/PNG/Default/purple_hand_peace.png
  artifactKey: Guid(4a654541f1ed772409b6a81b24b44a2d) Importer(815301076,1909f56bfc062723c751e8b465ee728b)
Start importing Assets/kenney_shape-characters/PNG/Default/purple_hand_peace.png using Guid(4a654541f1ed772409b6a81b24b44a2d) Importer(815301076,1909f56bfc062723c751e8b465ee728b) [PhysX] Initialized MultithreadedTaskDispatcher with 20 workers.
[PhysX] Initialized MultithreadedTaskDispatcher with 20 workers.
 -> (artifact id: '8e2a0c1d9c1c3dec77f2d31b0ec909bd') in 0.022329 seconds
Number of updated asset objects reloaded before import = 0
Number of asset objects unloaded after import = 3
========================================================================
Received Import Request.
  Time since last request: 0.051574 seconds.
  path: Assets/kenney_shape-characters/PNG/Default/red_body_square.png
  artifactKey: Guid(e772f9e18b868d94aae27e5513293511) Importer(815301076,1909f56bfc062723c751e8b465ee728b)
Start importing Assets/kenney_shape-characters/PNG/Default/red_body_square.png using Guid(e772f9e18b868d94aae27e5513293511) Importer(815301076,1909f56bfc062723c751e8b465ee728b) [PhysX] Initialized MultithreadedTaskDispatcher with 20 workers.
[PhysX] Initialized MultithreadedTaskDispatcher with 20 workers.
 -> (artifact id: '5e8fd0ed54c8677c341b776501659cf7') in 0.031766 seconds
Number of updated asset objects reloaded before import = 0
Number of asset objects unloaded after import = 3
========================================================================
Received Import Request.
  Time since last request: 0.005699 seconds.
  path: Assets/kenney_shape-characters/PNG/Default/red_hand_peace.png
  artifactKey: Guid(298478bfc8ce986449037f7b6ed1490a) Importer(815301076,1909f56bfc062723c751e8b465ee728b)
Start importing Assets/kenney_shape-characters/PNG/Default/red_hand_peace.png using Guid(298478bfc8ce986449037f7b6ed1490a) Importer(815301076,1909f56bfc062723c751e8b465ee728b) [PhysX] Initialized MultithreadedTaskDispatcher with 20 workers.
[PhysX] Initialized MultithreadedTaskDispatcher with 20 workers.
 -> (artifact id: '1537773ea4fe09d55743559bef311077') in 0.030403 seconds
Number of updated asset objects reloaded before import = 0
Number of asset objects unloaded after import = 3
========================================================================
Received Import Request.
  Time since last request: 0.335663 seconds.
  path: Assets/kenney_shape-characters/PNG/Default/tile_center.png
  artifactKey: Guid(dc51f90c60dc8bf48b8db3e8be6bf5ff) Importer(815301076,1909f56bfc062723c751e8b465ee728b)
Start importing Assets/kenney_shape-characters/PNG/Default/tile_center.png using Guid(dc51f90c60dc8bf48b8db3e8be6bf5ff) Importer(815301076,1909f56bfc062723c751e8b465ee728b) [PhysX] Initialized MultithreadedTaskDispatcher with 20 workers.
[PhysX] Initialized MultithreadedTaskDispatcher with 20 workers.
 -> (artifact id: '09ff00b273326ad3190c98a3460da661') in 0.039464 seconds
Number of updated asset objects reloaded before import = 0
Number of asset objects unloaded after import = 3
========================================================================
Received Import Request.
  Time since last request: 0.085272 seconds.
  path: Assets/kenney_shape-characters/PNG/Default/tile_half_left.png
  artifactKey: Guid(8896c9d883ef27044bda074fcd93a086) Importer(815301076,1909f56bfc062723c751e8b465ee728b)
Start importing Assets/kenney_shape-characters/PNG/Default/tile_half_left.png using Guid(8896c9d883ef27044bda074fcd93a086) Importer(815301076,1909f56bfc062723c751e8b465ee728b) [PhysX] Initialized MultithreadedTaskDispatcher with 20 workers.
[PhysX] Initialized MultithreadedTaskDispatcher with 20 workers.
 -> (artifact id: '14983241702e6826245a7b8659c282cc') in 0.042371 seconds
Number of updated asset objects reloaded before import = 0
Number of asset objects unloaded after import = 3
========================================================================
Received Import Request.
  Time since last request: 0.002907 seconds.
  path: Assets/kenney_shape-characters/PNG/Default/tile_ramp_right.png
  artifactKey: Guid(5b854533669c2cc43b0761f59a2b0580) Importer(815301076,1909f56bfc062723c751e8b465ee728b)
Start importing Assets/kenney_shape-characters/PNG/Default/tile_ramp_right.png using Guid(5b854533669c2cc43b0761f59a2b0580) Importer(815301076,1909f56bfc062723c751e8b465ee728b) [PhysX] Initialized MultithreadedTaskDispatcher with 20 workers.
[PhysX] Initialized MultithreadedTaskDispatcher with 20 workers.
 -> (artifact id: '472d0ae467c2a96b14d6fc6a50c398c5') in 0.041164 seconds
Number of updated asset objects reloaded before import = 0
Number of asset objects unloaded after import = 3
