Using pre-set license
Built from '2022.3/staging' branch; Version is '2022.3.54f1 (129125d4e700) revision 1216805'; Using compiler version '192829333'; Build Type 'Release'
OS: 'Windows 11  (10.0.26100) 64bit Professional' Language: 'tr' Physical Memory: 16088 MB
BatchMode: 1, IsHumanControllingUs: 0, StartBugReporterOnCrash: 0, Is64bit: 1, IsPro: 1

COMMAND LINE ARGUMENTS:
C:\Program Files\Unity\Hub\Editor\2022.3.54f1\Editor\Unity.exe
-adb2
-batchMode
-noUpm
-name
AssetImportWorker1
-projectPath
C:/Users/Acer/Desktop/RunnerTech/RunnerTech
-logFile
Logs/AssetImportWorker1.log
-srvPort
58373
Successfully changed project path to: C:/Users/Acer/Desktop/RunnerTech/RunnerTech
C:/Users/Acer/Desktop/RunnerTech/RunnerTech
[UnityMemory] Configuration Parameters - Can be set up in boot.config
    "memorysetup-bucket-allocator-granularity=16"
    "memorysetup-bucket-allocator-bucket-count=8"
    "memorysetup-bucket-allocator-block-size=33554432"
    "memorysetup-bucket-allocator-block-count=8"
    "memorysetup-main-allocator-block-size=16777216"
    "memorysetup-thread-allocator-block-size=16777216"
    "memorysetup-gfx-main-allocator-block-size=16777216"
    "memorysetup-gfx-thread-allocator-block-size=16777216"
    "memorysetup-cache-allocator-block-size=4194304"
    "memorysetup-typetree-allocator-block-size=2097152"
    "memorysetup-profiler-bucket-allocator-granularity=16"
    "memorysetup-profiler-bucket-allocator-bucket-count=8"
    "memorysetup-profiler-bucket-allocator-block-size=33554432"
    "memorysetup-profiler-bucket-allocator-block-count=8"
    "memorysetup-profiler-allocator-block-size=16777216"
    "memorysetup-profiler-editor-allocator-block-size=1048576"
    "memorysetup-temp-allocator-size-main=16777216"
    "memorysetup-job-temp-allocator-block-size=2097152"
    "memorysetup-job-temp-allocator-block-size-background=1048576"
    "memorysetup-job-temp-allocator-reduction-small-platforms=262144"
    "memorysetup-allocator-temp-initial-block-size-main=262144"
    "memorysetup-allocator-temp-initial-block-size-worker=262144"
    "memorysetup-temp-allocator-size-background-worker=32768"
    "memorysetup-temp-allocator-size-job-worker=262144"
    "memorysetup-temp-allocator-size-preload-manager=33554432"
    "memorysetup-temp-allocator-size-nav-mesh-worker=65536"
    "memorysetup-temp-allocator-size-audio-worker=65536"
    "memorysetup-temp-allocator-size-cloud-worker=32768"
    "memorysetup-temp-allocator-size-gi-baking-worker=262144"
    "memorysetup-temp-allocator-size-gfx=262144"
Player connection [11784]  Target information:

Player connection [11784]  * "[IP] 192.168.235.3 [Port] 0 [Flags] 2 [Guid] 3856354418 [EditorId] 3856354418 [Version] 1048832 [Id] WindowsEditor(7,iso-pc) [Debug] 1 [PackageName] WindowsEditor [ProjectName] Editor" 

Player connection [11784] Host joined multi-casting on [225.0.0.222:54997]...
Player connection [11784] Host joined alternative multi-casting on [225.0.0.222:34997]...
[PhysX] Initialized MultithreadedTaskDispatcher with 20 workers.
Refreshing native plugins compatible for Editor in 11.06 ms, found 4 plugins.
Preloading 0 native plugins for Editor in 0.00 ms.
Initialize engine version: 2022.3.54f1 (129125d4e700)
[Subsystems] Discovering subsystems at path C:/Program Files/Unity/Hub/Editor/2022.3.54f1/Editor/Data/Resources/UnitySubsystems
[Subsystems] Discovering subsystems at path C:/Users/Acer/Desktop/RunnerTech/RunnerTech/Assets
GfxDevice: creating device client; threaded=0; jobified=0
Direct3D:
    Version:  Direct3D 11.0 [level 11.1]
    Renderer: NVIDIA GeForce RTX 3050 Ti Laptop GPU (ID=0x25a0)
    Vendor:   NVIDIA
    VRAM:     3962 MB
    Driver:   32.0.15.6636
Initialize mono
Mono path[0] = 'C:/Program Files/Unity/Hub/Editor/2022.3.54f1/Editor/Data/Managed'
Mono path[1] = 'C:/Program Files/Unity/Hub/Editor/2022.3.54f1/Editor/Data/MonoBleedingEdge/lib/mono/unityjit-win32'
Mono config path = 'C:/Program Files/Unity/Hub/Editor/2022.3.54f1/Editor/Data/MonoBleedingEdge/etc'
Using monoOptions --debugger-agent=transport=dt_socket,embedding=1,server=y,suspend=n,address=127.0.0.1:56204
Begin MonoManager ReloadAssembly
Registering precompiled unity dll's ...
Register platform support module: C:/Program Files/Unity/Hub/Editor/2022.3.54f1/Editor/Data/PlaybackEngines/WindowsStandaloneSupport/UnityEditor.WindowsStandalone.Extensions.dll
Registered in 0.006641 seconds.
- Loaded All Assemblies, in  0.357 seconds
Native extension for WindowsStandalone target not found
Mono: successfully reloaded assembly
- Finished resetting the current domain, in  0.277 seconds
Domain Reload Profiling: 633ms
	BeginReloadAssembly (118ms)
		ExecutionOrderSort (0ms)
		DisableScriptedObjects (0ms)
		BackupInstance (0ms)
		ReleaseScriptingObjects (0ms)
		CreateAndSetChildDomain (1ms)
	RebuildCommonClasses (32ms)
	RebuildNativeTypeToScriptingClass (9ms)
	initialDomainReloadingComplete (58ms)
	LoadAllAssembliesAndSetupDomain (138ms)
		LoadAssemblies (115ms)
		RebuildTransferFunctionScriptingTraits (0ms)
		AnalyzeDomain (135ms)
			TypeCache.Refresh (134ms)
				TypeCache.ScanAssembly (121ms)
			ScanForSourceGeneratedMonoScriptInfo (0ms)
			ResolveRequiredComponents (1ms)
	FinalizeReload (278ms)
		ReleaseScriptCaches (0ms)
		RebuildScriptCaches (0ms)
		SetupLoadedEditorAssemblies (228ms)
			LogAssemblyErrors (0ms)
			InitializePlatformSupportModulesInManaged (10ms)
			SetLoadedEditorAssemblies (8ms)
			RefreshPlugins (0ms)
			BeforeProcessingInitializeOnLoad (2ms)
			ProcessInitializeOnLoadAttributes (157ms)
			ProcessInitializeOnLoadMethodAttributes (51ms)
			AfterProcessingInitializeOnLoad (0ms)
			EditorAssembliesLoaded (0ms)
		ExecutionOrderSort2 (0ms)
		AwakeInstancesAfterBackupRestoration (0ms)
========================================================================
Worker process is ready to serve import requests
Caller must complete domain reload
Begin MonoManager ReloadAssembly
- Loaded All Assemblies, in  0.695 seconds
Native extension for WindowsStandalone target not found
Mono: successfully reloaded assembly
- Finished resetting the current domain, in  0.874 seconds
Domain Reload Profiling: 1566ms
	BeginReloadAssembly (158ms)
		ExecutionOrderSort (0ms)
		DisableScriptedObjects (4ms)
		BackupInstance (0ms)
		ReleaseScriptingObjects (0ms)
		CreateAndSetChildDomain (25ms)
	RebuildCommonClasses (33ms)
	RebuildNativeTypeToScriptingClass (9ms)
	initialDomainReloadingComplete (46ms)
	LoadAllAssembliesAndSetupDomain (444ms)
		LoadAssemblies (356ms)
		RebuildTransferFunctionScriptingTraits (0ms)
		AnalyzeDomain (181ms)
			TypeCache.Refresh (154ms)
				TypeCache.ScanAssembly (136ms)
			ScanForSourceGeneratedMonoScriptInfo (20ms)
			ResolveRequiredComponents (5ms)
	FinalizeReload (875ms)
		ReleaseScriptCaches (0ms)
		RebuildScriptCaches (0ms)
		SetupLoadedEditorAssemblies (705ms)
			LogAssemblyErrors (0ms)
			InitializePlatformSupportModulesInManaged (8ms)
			SetLoadedEditorAssemblies (4ms)
			RefreshPlugins (0ms)
			BeforeProcessingInitializeOnLoad (69ms)
			ProcessInitializeOnLoadAttributes (579ms)
			ProcessInitializeOnLoadMethodAttributes (38ms)
			AfterProcessingInitializeOnLoad (7ms)
			EditorAssembliesLoaded (0ms)
		ExecutionOrderSort2 (0ms)
		AwakeInstancesAfterBackupRestoration (7ms)
Launched and connected shader compiler UnityShaderCompiler.exe after 0.06 seconds
Refreshing native plugins compatible for Editor in 6.42 ms, found 4 plugins.
Preloading 0 native plugins for Editor in 0.00 ms.
Unloading 3981 Unused Serialized files (Serialized files now loaded: 0)
Unloading 32 unused Assets / (57.2 KB). Loaded Objects now: 4453.
Memory consumption went from 143.3 MB to 143.2 MB.
Total: 7.891300 ms (FindLiveObjects: 0.935400 ms CreateObjectMapping: 0.295900 ms MarkObjects: 6.443700 ms  DeleteObjects: 0.213800 ms)

AssetImportParameters requested are different than current active one (requested -> active):
  custom:container-demuxer-ogg: 62fdf1f143b41e24485cea50d1cbac27 -> 
  custom:video-decoder-ogg-theora: a1e56fd34408186e4bbccfd4996cb3dc -> 
  custom:framework-win-MediaFoundation: 216162199b28c13a410421893ffa2e32 -> 
  custom:CustomObjectIndexerAttribute: 9a22284fe3817be447336de3de66b15e -> 
  custom:container-demuxer-webm: 4f35f7cbe854078d1ac9338744f61a02 -> 
  custom:container-muxer-webm: aa71ff27fc2769a1b78a27578f13a17b -> 
  custom:video-decoder-webm-vp8: 9c59270c3fd7afecdb556c50c9e8de78 -> 
  custom:SearchIndexIgnoredProperties: e643bd26f0fe6173181afceb89e7c659 -> 
  custom:AudioImporter_EditorPlatform: d09bf68614088b80899f8185d706f6e7 -> 
  custom:video-encoder-webm-vp8: eb34c28f22e8b96e1ab97ce403110664 -> 
  custom:audio-decoder-ogg-vorbis: bf7c407c2cedff20999df2af8eb42d56 -> 
  custom:audio-encoder-webm-vorbis: bf7c407c2cedff20999df2af8eb42d56 -> 
========================================================================
Received Import Request.
  Time since last request: 44992.890645 seconds.
  path: Assets/Scripts/KarakterSecme.cs
  artifactKey: Guid(d9444900da80b1541ad2ec177f6384e0) Importer(815301076,1909f56bfc062723c751e8b465ee728b)
Start importing Assets/Scripts/KarakterSecme.cs using Guid(d9444900da80b1541ad2ec177f6384e0) Importer(815301076,1909f56bfc062723c751e8b465ee728b) [PhysX] Initialized MultithreadedTaskDispatcher with 20 workers.
 -> (artifact id: 'f174a3decf6a3f9f9fbeef9b33c049fa') in 0.004491 seconds
Number of updated asset objects reloaded before import = 0
Number of asset objects unloaded after import = 0
========================================================================
Received Import Request.
  Time since last request: 74.617454 seconds.
  path: Assets/_Heathen Engineering/Assets/Common/Images/Heathen Corporate/Heathen Logo With FullName.png
  artifactKey: Guid(cf617b713155f6941bab066aab8710ef) Importer(815301076,1909f56bfc062723c751e8b465ee728b)
Start importing Assets/_Heathen Engineering/Assets/Common/Images/Heathen Corporate/Heathen Logo With FullName.png using Guid(cf617b713155f6941bab066aab8710ef) Importer(815301076,1909f56bfc062723c751e8b465ee728b) [PhysX] Initialized MultithreadedTaskDispatcher with 20 workers.
[PhysX] Initialized MultithreadedTaskDispatcher with 20 workers.
 -> (artifact id: '28d4e5649a2b440c1649033e0a27c91c') in 0.066157 seconds
Number of updated asset objects reloaded before import = 0
Number of asset objects unloaded after import = 2
========================================================================
Received Import Request.
  Time since last request: 16.687108 seconds.
  path: Assets/kenney_shape-characters/PNG/Default/blue_body_rhombus.png
  artifactKey: Guid(6965af18d91569e43ae5f294222788fb) Importer(815301076,1909f56bfc062723c751e8b465ee728b)
Start importing Assets/kenney_shape-characters/PNG/Default/blue_body_rhombus.png using Guid(6965af18d91569e43ae5f294222788fb) Importer(815301076,1909f56bfc062723c751e8b465ee728b) [PhysX] Initialized MultithreadedTaskDispatcher with 20 workers.
[PhysX] Initialized MultithreadedTaskDispatcher with 20 workers.
 -> (artifact id: '948c1355faac983fe12ae0785f731309') in 0.048169 seconds
Number of updated asset objects reloaded before import = 0
Number of asset objects unloaded after import = 3
========================================================================
Received Import Request.
  Time since last request: 0.000031 seconds.
  path: Assets/kenney_shape-characters/PNG/Default/blue_hand_peace.png
  artifactKey: Guid(ab8d4963513771e4ea8e462ff644d75b) Importer(815301076,1909f56bfc062723c751e8b465ee728b)
Start importing Assets/kenney_shape-characters/PNG/Default/blue_hand_peace.png using Guid(ab8d4963513771e4ea8e462ff644d75b) Importer(815301076,1909f56bfc062723c751e8b465ee728b) [PhysX] Initialized MultithreadedTaskDispatcher with 20 workers.
[PhysX] Initialized MultithreadedTaskDispatcher with 20 workers.
 -> (artifact id: 'fd09d0d8bf709b4e67d80939ade01311') in 0.019338 seconds
Number of updated asset objects reloaded before import = 0
Number of asset objects unloaded after import = 3
========================================================================
Received Import Request.
  Time since last request: 0.000029 seconds.
  path: Assets/kenney_shape-characters/PNG/Default/blue_hand_rock.png
  artifactKey: Guid(b8f45315fd7e68b4cb0c5268e07ad6eb) Importer(815301076,1909f56bfc062723c751e8b465ee728b)
Start importing Assets/kenney_shape-characters/PNG/Default/blue_hand_rock.png using Guid(b8f45315fd7e68b4cb0c5268e07ad6eb) Importer(815301076,1909f56bfc062723c751e8b465ee728b) [PhysX] Initialized MultithreadedTaskDispatcher with 20 workers.
[PhysX] Initialized MultithreadedTaskDispatcher with 20 workers.
 -> (artifact id: 'ef33e1d31b7e5980a2878e470128cc57') in 0.017627 seconds
Number of updated asset objects reloaded before import = 0
Number of asset objects unloaded after import = 3
========================================================================
Received Import Request.
  Time since last request: 0.007221 seconds.
  path: Assets/kenney_shape-characters/PNG/Default/face_a.png
  artifactKey: Guid(43160857b1fe9134a8bb1d6395dcdd1c) Importer(815301076,1909f56bfc062723c751e8b465ee728b)
Start importing Assets/kenney_shape-characters/PNG/Default/face_a.png using Guid(43160857b1fe9134a8bb1d6395dcdd1c) Importer(815301076,1909f56bfc062723c751e8b465ee728b) [PhysX] Initialized MultithreadedTaskDispatcher with 20 workers.
[PhysX] Initialized MultithreadedTaskDispatcher with 20 workers.
 -> (artifact id: '7b41c41e2dc0468657bf487e9a6f6f22') in 0.019106 seconds
Number of updated asset objects reloaded before import = 0
Number of asset objects unloaded after import = 3
========================================================================
Received Import Request.
  Time since last request: 0.000029 seconds.
  path: Assets/kenney_shape-characters/PNG/Default/face_f.png
  artifactKey: Guid(8db655f693ab01845949421335896481) Importer(815301076,1909f56bfc062723c751e8b465ee728b)
Start importing Assets/kenney_shape-characters/PNG/Default/face_f.png using Guid(8db655f693ab01845949421335896481) Importer(815301076,1909f56bfc062723c751e8b465ee728b) [PhysX] Initialized MultithreadedTaskDispatcher with 20 workers.
[PhysX] Initialized MultithreadedTaskDispatcher with 20 workers.
 -> (artifact id: 'f24ca9cf4c6d73d6d6104032b6f60ff7') in 0.020462 seconds
Number of updated asset objects reloaded before import = 0
Number of asset objects unloaded after import = 3
========================================================================
Received Import Request.
  Time since last request: 0.003396 seconds.
  path: Assets/kenney_shape-characters/PNG/Default/face_h.png
  artifactKey: Guid(5282c8a95560e114381c296ac67ee4ae) Importer(815301076,1909f56bfc062723c751e8b465ee728b)
Start importing Assets/kenney_shape-characters/PNG/Default/face_h.png using Guid(5282c8a95560e114381c296ac67ee4ae) Importer(815301076,1909f56bfc062723c751e8b465ee728b) [PhysX] Initialized MultithreadedTaskDispatcher with 20 workers.
[PhysX] Initialized MultithreadedTaskDispatcher with 20 workers.
 -> (artifact id: 'dcd023bde45f9724bca6aa53eadadc0e') in 0.018610 seconds
Number of updated asset objects reloaded before import = 0
Number of asset objects unloaded after import = 3
========================================================================
Received Import Request.
  Time since last request: 0.000021 seconds.
  path: Assets/kenney_shape-characters/PNG/Default/face_j.png
  artifactKey: Guid(6c5f874fa9a6afc4c80f36216cf28983) Importer(815301076,1909f56bfc062723c751e8b465ee728b)
Start importing Assets/kenney_shape-characters/PNG/Default/face_j.png using Guid(6c5f874fa9a6afc4c80f36216cf28983) Importer(815301076,1909f56bfc062723c751e8b465ee728b) [PhysX] Initialized MultithreadedTaskDispatcher with 20 workers.
[PhysX] Initialized MultithreadedTaskDispatcher with 20 workers.
 -> (artifact id: 'bb5be32ba79e8545b3b67eb0a1a39b55') in 0.017304 seconds
Number of updated asset objects reloaded before import = 0
Number of asset objects unloaded after import = 3
========================================================================
Received Import Request.
  Time since last request: 0.000020 seconds.
  path: Assets/kenney_shape-characters/PNG/Default/face_k.png
  artifactKey: Guid(f05fb6c787f6d924ba40f396d405ef67) Importer(815301076,1909f56bfc062723c751e8b465ee728b)
Start importing Assets/kenney_shape-characters/PNG/Default/face_k.png using Guid(f05fb6c787f6d924ba40f396d405ef67) Importer(815301076,1909f56bfc062723c751e8b465ee728b) [PhysX] Initialized MultithreadedTaskDispatcher with 20 workers.
[PhysX] Initialized MultithreadedTaskDispatcher with 20 workers.
 -> (artifact id: '5b32a7f0d1a19334b59cdee5bae2d228') in 0.017658 seconds
Number of updated asset objects reloaded before import = 0
Number of asset objects unloaded after import = 3
========================================================================
Received Import Request.
  Time since last request: 0.000019 seconds.
  path: Assets/kenney_shape-characters/PNG/Default/blue_hand_closed.png
  artifactKey: Guid(1d6e095f6da9ceb4ba21800bb6aeaff0) Importer(815301076,1909f56bfc062723c751e8b465ee728b)
Start importing Assets/kenney_shape-characters/PNG/Default/blue_hand_closed.png using Guid(1d6e095f6da9ceb4ba21800bb6aeaff0) Importer(815301076,1909f56bfc062723c751e8b465ee728b) [PhysX] Initialized MultithreadedTaskDispatcher with 20 workers.
[PhysX] Initialized MultithreadedTaskDispatcher with 20 workers.
 -> (artifact id: 'b5bbf26e5001a2c8c3ec583248e5fbeb') in 0.014341 seconds
Number of updated asset objects reloaded before import = 0
Number of asset objects unloaded after import = 3
========================================================================
Received Import Request.
  Time since last request: 0.000027 seconds.
  path: Assets/kenney_shape-characters/PNG/Default/facial_part_eye_half_top.png
  artifactKey: Guid(1a70bfd5defc0204fb3203763910a0d9) Importer(815301076,1909f56bfc062723c751e8b465ee728b)
Start importing Assets/kenney_shape-characters/PNG/Default/facial_part_eye_half_top.png using Guid(1a70bfd5defc0204fb3203763910a0d9) Importer(815301076,1909f56bfc062723c751e8b465ee728b) [PhysX] Initialized MultithreadedTaskDispatcher with 20 workers.
[PhysX] Initialized MultithreadedTaskDispatcher with 20 workers.
 -> (artifact id: '20f88aec658cb6112832275838755c06') in 0.014907 seconds
Number of updated asset objects reloaded before import = 0
Number of asset objects unloaded after import = 3
========================================================================
Received Import Request.
  Time since last request: 0.000018 seconds.
  path: Assets/kenney_shape-characters/PNG/Default/facial_part_eye_open.png
  artifactKey: Guid(1875d1b0d56d88e41bf79d6d71468c99) Importer(815301076,1909f56bfc062723c751e8b465ee728b)
Start importing Assets/kenney_shape-characters/PNG/Default/facial_part_eye_open.png using Guid(1875d1b0d56d88e41bf79d6d71468c99) Importer(815301076,1909f56bfc062723c751e8b465ee728b) [PhysX] Initialized MultithreadedTaskDispatcher with 20 workers.
[PhysX] Initialized MultithreadedTaskDispatcher with 20 workers.
 -> (artifact id: '26c38ed69d0144369214166891cdc599') in 0.014626 seconds
Number of updated asset objects reloaded before import = 0
Number of asset objects unloaded after import = 3
========================================================================
Received Import Request.
  Time since last request: 0.000017 seconds.
  path: Assets/kenney_shape-characters/PNG/Default/facial_part_eye_half_top_wing.png
  artifactKey: Guid(b696f08b2b7e0914aa089a8d1e165c1f) Importer(815301076,1909f56bfc062723c751e8b465ee728b)
Start importing Assets/kenney_shape-characters/PNG/Default/facial_part_eye_half_top_wing.png using Guid(b696f08b2b7e0914aa089a8d1e165c1f) Importer(815301076,1909f56bfc062723c751e8b465ee728b) [PhysX] Initialized MultithreadedTaskDispatcher with 20 workers.
[PhysX] Initialized MultithreadedTaskDispatcher with 20 workers.
 -> (artifact id: '5344d07787e7a675eec685ade035bd68') in 0.028990 seconds
Number of updated asset objects reloaded before import = 0
Number of asset objects unloaded after import = 3
========================================================================
Received Import Request.
  Time since last request: 0.000034 seconds.
  path: Assets/kenney_shape-characters/PNG/Default/face_g.png
  artifactKey: Guid(3e854956b3696f440ad98035f449a2b9) Importer(815301076,1909f56bfc062723c751e8b465ee728b)
Start importing Assets/kenney_shape-characters/PNG/Default/face_g.png using Guid(3e854956b3696f440ad98035f449a2b9) Importer(815301076,1909f56bfc062723c751e8b465ee728b) [PhysX] Initialized MultithreadedTaskDispatcher with 20 workers.
[PhysX] Initialized MultithreadedTaskDispatcher with 20 workers.
 -> (artifact id: '8b0444be0cb9b6e3e176d68d94e0a1eb') in 0.030020 seconds
Number of updated asset objects reloaded before import = 0
Number of asset objects unloaded after import = 3
========================================================================
Received Import Request.
  Time since last request: 0.000034 seconds.
  path: Assets/kenney_shape-characters/PNG/Default/facial_part_eyebrow_c.png
  artifactKey: Guid(b19398fa05756f549ac736be8f74bae4) Importer(815301076,1909f56bfc062723c751e8b465ee728b)
Start importing Assets/kenney_shape-characters/PNG/Default/facial_part_eyebrow_c.png using Guid(b19398fa05756f549ac736be8f74bae4) Importer(815301076,1909f56bfc062723c751e8b465ee728b) [PhysX] Initialized MultithreadedTaskDispatcher with 20 workers.
[PhysX] Initialized MultithreadedTaskDispatcher with 20 workers.
 -> (artifact id: '8088c2a3acbf753887447b6ee1f7a64e') in 0.024240 seconds
Number of updated asset objects reloaded before import = 0
Number of asset objects unloaded after import = 3
========================================================================
Received Import Request.
  Time since last request: 23.461391 seconds.
  path: Assets/kenney_shape-characters/PNG/Default/facial_part_mouth_sad.png
  artifactKey: Guid(947769a9a511a8840b7faa215e690bf1) Importer(815301076,1909f56bfc062723c751e8b465ee728b)
Start importing Assets/kenney_shape-characters/PNG/Default/facial_part_mouth_sad.png using Guid(947769a9a511a8840b7faa215e690bf1) Importer(815301076,1909f56bfc062723c751e8b465ee728b) [PhysX] Initialized MultithreadedTaskDispatcher with 20 workers.
[PhysX] Initialized MultithreadedTaskDispatcher with 20 workers.
 -> (artifact id: '5d954dc6f5f57aa9052434de524f8a81') in 0.021456 seconds
Number of updated asset objects reloaded before import = 0
Number of asset objects unloaded after import = 3
========================================================================
Received Import Request.
  Time since last request: 0.011331 seconds.
  path: Assets/kenney_shape-characters/PNG/Default/green_body_rhombus.png
  artifactKey: Guid(1ee57af46604d704898477610212c6c4) Importer(815301076,1909f56bfc062723c751e8b465ee728b)
Start importing Assets/kenney_shape-characters/PNG/Default/green_body_rhombus.png using Guid(1ee57af46604d704898477610212c6c4) Importer(815301076,1909f56bfc062723c751e8b465ee728b) [PhysX] Initialized MultithreadedTaskDispatcher with 20 workers.
[PhysX] Initialized MultithreadedTaskDispatcher with 20 workers.
 -> (artifact id: 'db9e0f0bf6cc45aef4a3e9b32a3a0ff5') in 0.024308 seconds
Number of updated asset objects reloaded before import = 0
Number of asset objects unloaded after import = 3
========================================================================
Received Import Request.
  Time since last request: 0.005573 seconds.
  path: Assets/kenney_shape-characters/PNG/Default/green_hand_closed.png
  artifactKey: Guid(e5058731f2a05d94cbc2713c85065fad) Importer(815301076,1909f56bfc062723c751e8b465ee728b)
Start importing Assets/kenney_shape-characters/PNG/Default/green_hand_closed.png using Guid(e5058731f2a05d94cbc2713c85065fad) Importer(815301076,1909f56bfc062723c751e8b465ee728b) [PhysX] Initialized MultithreadedTaskDispatcher with 20 workers.
[PhysX] Initialized MultithreadedTaskDispatcher with 20 workers.
 -> (artifact id: '3ca3eb363459034c8de40f23646ffad7') in 0.025745 seconds
Number of updated asset objects reloaded before import = 0
Number of asset objects unloaded after import = 3
========================================================================
Received Import Request.
  Time since last request: 0.517887 seconds.
  path: Assets/kenney_shape-characters/PNG/Default/green_hand_thumb.png
  artifactKey: Guid(d912426a09efc2a4391fad90b838b465) Importer(815301076,1909f56bfc062723c751e8b465ee728b)
Start importing Assets/kenney_shape-characters/PNG/Default/green_hand_thumb.png using Guid(d912426a09efc2a4391fad90b838b465) Importer(815301076,1909f56bfc062723c751e8b465ee728b) [PhysX] Initialized MultithreadedTaskDispatcher with 20 workers.
[PhysX] Initialized MultithreadedTaskDispatcher with 20 workers.
 -> (artifact id: 'c3f0e60c785a9cc03d898f1d5a7638d4') in 0.021372 seconds
Number of updated asset objects reloaded before import = 0
Number of asset objects unloaded after import = 3
========================================================================
Received Import Request.
  Time since last request: 0.674640 seconds.
  path: Assets/kenney_shape-characters/PNG/Default/purple_hand_point.png
  artifactKey: Guid(c4cfa8dd7ee840846b1eec9e4fdb2f44) Importer(815301076,1909f56bfc062723c751e8b465ee728b)
Start importing Assets/kenney_shape-characters/PNG/Default/purple_hand_point.png using Guid(c4cfa8dd7ee840846b1eec9e4fdb2f44) Importer(815301076,1909f56bfc062723c751e8b465ee728b) [PhysX] Initialized MultithreadedTaskDispatcher with 20 workers.
[PhysX] Initialized MultithreadedTaskDispatcher with 20 workers.
 -> (artifact id: 'fea7bed21dbaebceb817ecd69d4013b6') in 0.030126 seconds
Number of updated asset objects reloaded before import = 0
Number of asset objects unloaded after import = 3
========================================================================
Received Import Request.
  Time since last request: 0.477033 seconds.
  path: Assets/kenney_shape-characters/PNG/Default/tile_exclamation.png
  artifactKey: Guid(c916f46309708b64daca1f7c37277c93) Importer(815301076,1909f56bfc062723c751e8b465ee728b)
Start importing Assets/kenney_shape-characters/PNG/Default/tile_exclamation.png using Guid(c916f46309708b64daca1f7c37277c93) Importer(815301076,1909f56bfc062723c751e8b465ee728b) [PhysX] Initialized MultithreadedTaskDispatcher with 20 workers.
[PhysX] Initialized MultithreadedTaskDispatcher with 20 workers.
 -> (artifact id: '0d3009ce1d240af603942540e17a95a6') in 0.039990 seconds
Number of updated asset objects reloaded before import = 0
Number of asset objects unloaded after import = 3
========================================================================
Received Import Request.
  Time since last request: 0.056610 seconds.
  path: Assets/kenney_shape-characters/PNG/Default/tile_half_right.png
  artifactKey: Guid(255ed6e807b95bc4c9bbd4f2470373ee) Importer(815301076,1909f56bfc062723c751e8b465ee728b)
Start importing Assets/kenney_shape-characters/PNG/Default/tile_half_right.png using Guid(255ed6e807b95bc4c9bbd4f2470373ee) Importer(815301076,1909f56bfc062723c751e8b465ee728b) [PhysX] Initialized MultithreadedTaskDispatcher with 20 workers.
[PhysX] Initialized MultithreadedTaskDispatcher with 20 workers.
 -> (artifact id: '99033a8b5db26f7236ae179032690588') in 0.044380 seconds
Number of updated asset objects reloaded before import = 0
Number of asset objects unloaded after import = 3
========================================================================
Received Import Request.
  Time since last request: 0.018274 seconds.
  path: Assets/kenney_shape-characters/PNG/Default/tile_right.png
  artifactKey: Guid(29703820119384f4d9189b213ae5b4e3) Importer(815301076,1909f56bfc062723c751e8b465ee728b)
Start importing Assets/kenney_shape-characters/PNG/Default/tile_right.png using Guid(29703820119384f4d9189b213ae5b4e3) Importer(815301076,1909f56bfc062723c751e8b465ee728b) [PhysX] Initialized MultithreadedTaskDispatcher with 20 workers.
[PhysX] Initialized MultithreadedTaskDispatcher with 20 workers.
 -> (artifact id: 'd557c79ecd01f68353d407408f121588') in 0.040594 seconds
Number of updated asset objects reloaded before import = 0
Number of asset objects unloaded after import = 3
