Using pre-set license
Built from '2022.3/staging' branch; Version is '2022.3.54f1 (129125d4e700) revision 1216805'; Using compiler version '192829333'; Build Type 'Release'
OS: 'Windows 11  (10.0.26100) 64bit Professional' Language: 'tr' Physical Memory: 16088 MB
BatchMode: 1, IsHumanControllingUs: 0, StartBugReporterOnCrash: 0, Is64bit: 1, IsPro: 1

COMMAND LINE ARGUMENTS:
C:\Program Files\Unity\Hub\Editor\2022.3.54f1\Editor\Unity.exe
-adb2
-batchMode
-noUpm
-name
AssetImportWorker4
-projectPath
C:/Users/Acer/Desktop/RunnerTech/RunnerTech
-logFile
Logs/AssetImportWorker4.log
-srvPort
58373
Successfully changed project path to: C:/Users/Acer/Desktop/RunnerTech/RunnerTech
C:/Users/Acer/Desktop/RunnerTech/RunnerTech
[UnityMemory] Configuration Parameters - Can be set up in boot.config
    "memorysetup-bucket-allocator-granularity=16"
    "memorysetup-bucket-allocator-bucket-count=8"
    "memorysetup-bucket-allocator-block-size=33554432"
    "memorysetup-bucket-allocator-block-count=8"
    "memorysetup-main-allocator-block-size=16777216"
    "memorysetup-thread-allocator-block-size=16777216"
    "memorysetup-gfx-main-allocator-block-size=16777216"
    "memorysetup-gfx-thread-allocator-block-size=16777216"
    "memorysetup-cache-allocator-block-size=4194304"
    "memorysetup-typetree-allocator-block-size=2097152"
    "memorysetup-profiler-bucket-allocator-granularity=16"
    "memorysetup-profiler-bucket-allocator-bucket-count=8"
    "memorysetup-profiler-bucket-allocator-block-size=33554432"
    "memorysetup-profiler-bucket-allocator-block-count=8"
    "memorysetup-profiler-allocator-block-size=16777216"
    "memorysetup-profiler-editor-allocator-block-size=1048576"
    "memorysetup-temp-allocator-size-main=16777216"
    "memorysetup-job-temp-allocator-block-size=2097152"
    "memorysetup-job-temp-allocator-block-size-background=1048576"
    "memorysetup-job-temp-allocator-reduction-small-platforms=262144"
    "memorysetup-allocator-temp-initial-block-size-main=262144"
    "memorysetup-allocator-temp-initial-block-size-worker=262144"
    "memorysetup-temp-allocator-size-background-worker=32768"
    "memorysetup-temp-allocator-size-job-worker=262144"
    "memorysetup-temp-allocator-size-preload-manager=33554432"
    "memorysetup-temp-allocator-size-nav-mesh-worker=65536"
    "memorysetup-temp-allocator-size-audio-worker=65536"
    "memorysetup-temp-allocator-size-cloud-worker=32768"
    "memorysetup-temp-allocator-size-gi-baking-worker=262144"
    "memorysetup-temp-allocator-size-gfx=262144"
Player connection [23896]  Target information:

Player connection [23896]  * "[IP] 192.168.235.3 [Port] 0 [Flags] 2 [Guid] 745979461 [EditorId] 745979461 [Version] 1048832 [Id] WindowsEditor(7,iso-pc) [Debug] 1 [PackageName] WindowsEditor [ProjectName] Editor" 

Player connection [23896] Host joined multi-casting on [225.0.0.222:54997]...
Player connection [23896] Host joined alternative multi-casting on [225.0.0.222:34997]...
[PhysX] Initialized MultithreadedTaskDispatcher with 20 workers.
Refreshing native plugins compatible for Editor in 15.23 ms, found 4 plugins.
Preloading 0 native plugins for Editor in 0.00 ms.
Initialize engine version: 2022.3.54f1 (129125d4e700)
[Subsystems] Discovering subsystems at path C:/Program Files/Unity/Hub/Editor/2022.3.54f1/Editor/Data/Resources/UnitySubsystems
[Subsystems] Discovering subsystems at path C:/Users/Acer/Desktop/RunnerTech/RunnerTech/Assets
GfxDevice: creating device client; threaded=0; jobified=0
Direct3D:
    Version:  Direct3D 11.0 [level 11.1]
    Renderer: NVIDIA GeForce RTX 3050 Ti Laptop GPU (ID=0x25a0)
    Vendor:   NVIDIA
    VRAM:     3962 MB
    Driver:   32.0.15.6636
Initialize mono
Mono path[0] = 'C:/Program Files/Unity/Hub/Editor/2022.3.54f1/Editor/Data/Managed'
Mono path[1] = 'C:/Program Files/Unity/Hub/Editor/2022.3.54f1/Editor/Data/MonoBleedingEdge/lib/mono/unityjit-win32'
Mono config path = 'C:/Program Files/Unity/Hub/Editor/2022.3.54f1/Editor/Data/MonoBleedingEdge/etc'
Using monoOptions --debugger-agent=transport=dt_socket,embedding=1,server=y,suspend=n,address=127.0.0.1:56604
Begin MonoManager ReloadAssembly
Registering precompiled unity dll's ...
Register platform support module: C:/Program Files/Unity/Hub/Editor/2022.3.54f1/Editor/Data/PlaybackEngines/WindowsStandaloneSupport/UnityEditor.WindowsStandalone.Extensions.dll
Registered in 0.007532 seconds.
- Loaded All Assemblies, in  0.491 seconds
Native extension for WindowsStandalone target not found
Mono: successfully reloaded assembly
- Finished resetting the current domain, in  0.514 seconds
Domain Reload Profiling: 1003ms
	BeginReloadAssembly (150ms)
		ExecutionOrderSort (0ms)
		DisableScriptedObjects (0ms)
		BackupInstance (0ms)
		ReleaseScriptingObjects (0ms)
		CreateAndSetChildDomain (2ms)
	RebuildCommonClasses (50ms)
	RebuildNativeTypeToScriptingClass (12ms)
	initialDomainReloadingComplete (79ms)
	LoadAllAssembliesAndSetupDomain (197ms)
		LoadAssemblies (145ms)
		RebuildTransferFunctionScriptingTraits (0ms)
		AnalyzeDomain (194ms)
			TypeCache.Refresh (191ms)
				TypeCache.ScanAssembly (168ms)
			ScanForSourceGeneratedMonoScriptInfo (1ms)
			ResolveRequiredComponents (1ms)
	FinalizeReload (515ms)
		ReleaseScriptCaches (0ms)
		RebuildScriptCaches (0ms)
		SetupLoadedEditorAssemblies (428ms)
			LogAssemblyErrors (0ms)
			InitializePlatformSupportModulesInManaged (16ms)
			SetLoadedEditorAssemblies (11ms)
			RefreshPlugins (0ms)
			BeforeProcessingInitializeOnLoad (4ms)
			ProcessInitializeOnLoadAttributes (300ms)
			ProcessInitializeOnLoadMethodAttributes (97ms)
			AfterProcessingInitializeOnLoad (0ms)
			EditorAssembliesLoaded (0ms)
		ExecutionOrderSort2 (0ms)
		AwakeInstancesAfterBackupRestoration (0ms)
========================================================================
Worker process is ready to serve import requests
Caller must complete domain reload
Begin MonoManager ReloadAssembly
- Loaded All Assemblies, in  1.007 seconds
Native extension for WindowsStandalone target not found
Mono: successfully reloaded assembly
- Finished resetting the current domain, in  1.091 seconds
Domain Reload Profiling: 2094ms
	BeginReloadAssembly (226ms)
		ExecutionOrderSort (0ms)
		DisableScriptedObjects (7ms)
		BackupInstance (0ms)
		ReleaseScriptingObjects (0ms)
		CreateAndSetChildDomain (40ms)
	RebuildCommonClasses (44ms)
	RebuildNativeTypeToScriptingClass (12ms)
	initialDomainReloadingComplete (65ms)
	LoadAllAssembliesAndSetupDomain (656ms)
		LoadAssemblies (527ms)
		RebuildTransferFunctionScriptingTraits (0ms)
		AnalyzeDomain (255ms)
			TypeCache.Refresh (216ms)
				TypeCache.ScanAssembly (186ms)
			ScanForSourceGeneratedMonoScriptInfo (30ms)
			ResolveRequiredComponents (7ms)
	FinalizeReload (1092ms)
		ReleaseScriptCaches (0ms)
		RebuildScriptCaches (0ms)
		SetupLoadedEditorAssemblies (877ms)
			LogAssemblyErrors (0ms)
			InitializePlatformSupportModulesInManaged (8ms)
			SetLoadedEditorAssemblies (4ms)
			RefreshPlugins (0ms)
			BeforeProcessingInitializeOnLoad (84ms)
			ProcessInitializeOnLoadAttributes (721ms)
			ProcessInitializeOnLoadMethodAttributes (50ms)
			AfterProcessingInitializeOnLoad (10ms)
			EditorAssembliesLoaded (1ms)
		ExecutionOrderSort2 (0ms)
		AwakeInstancesAfterBackupRestoration (8ms)
Launched and connected shader compiler UnityShaderCompiler.exe after 0.08 seconds
Refreshing native plugins compatible for Editor in 15.24 ms, found 4 plugins.
Preloading 0 native plugins for Editor in 0.00 ms.
Unloading 3981 Unused Serialized files (Serialized files now loaded: 0)
Unloading 32 unused Assets / (57.2 KB). Loaded Objects now: 4453.
Memory consumption went from 143.3 MB to 143.3 MB.
Total: 8.626300 ms (FindLiveObjects: 0.941700 ms CreateObjectMapping: 0.205000 ms MarkObjects: 7.212200 ms  DeleteObjects: 0.264300 ms)

AssetImportParameters requested are different than current active one (requested -> active):
  custom:container-demuxer-ogg: 62fdf1f143b41e24485cea50d1cbac27 -> 
  custom:video-decoder-ogg-theora: a1e56fd34408186e4bbccfd4996cb3dc -> 
  custom:framework-win-MediaFoundation: 216162199b28c13a410421893ffa2e32 -> 
  custom:CustomObjectIndexerAttribute: 9a22284fe3817be447336de3de66b15e -> 
  custom:container-demuxer-webm: 4f35f7cbe854078d1ac9338744f61a02 -> 
  custom:container-muxer-webm: aa71ff27fc2769a1b78a27578f13a17b -> 
  custom:video-decoder-webm-vp8: 9c59270c3fd7afecdb556c50c9e8de78 -> 
  custom:SearchIndexIgnoredProperties: e643bd26f0fe6173181afceb89e7c659 -> 
  custom:AudioImporter_EditorPlatform: d09bf68614088b80899f8185d706f6e7 -> 
  custom:video-encoder-webm-vp8: eb34c28f22e8b96e1ab97ce403110664 -> 
  custom:audio-decoder-ogg-vorbis: bf7c407c2cedff20999df2af8eb42d56 -> 
  custom:audio-encoder-webm-vorbis: bf7c407c2cedff20999df2af8eb42d56 -> 
========================================================================
Received Import Request.
  Time since last request: 45108.054149 seconds.
  path: Assets/kenney_shape-characters/PNG/Default/facial_part_eyebrow_d.png
  artifactKey: Guid(e93c5be9b4c6e57469630de412aaae2b) Importer(815301076,1909f56bfc062723c751e8b465ee728b)
Start importing Assets/kenney_shape-characters/PNG/Default/facial_part_eyebrow_d.png using Guid(e93c5be9b4c6e57469630de412aaae2b) Importer(815301076,1909f56bfc062723c751e8b465ee728b) [PhysX] Initialized MultithreadedTaskDispatcher with 20 workers.
[PhysX] Initialized MultithreadedTaskDispatcher with 20 workers.
 -> (artifact id: '1668606d426016a656a3fba3fb6eadf5') in 0.150002 seconds
Number of updated asset objects reloaded before import = 0
Number of asset objects unloaded after import = 3
========================================================================
Received Import Request.
  Time since last request: 0.446735 seconds.
  path: Assets/kenney_shape-characters/PNG/Default/green_hand_open.png
  artifactKey: Guid(ee18111c9c607fa419703299ed4f446c) Importer(815301076,1909f56bfc062723c751e8b465ee728b)
Start importing Assets/kenney_shape-characters/PNG/Default/green_hand_open.png using Guid(ee18111c9c607fa419703299ed4f446c) Importer(815301076,1909f56bfc062723c751e8b465ee728b) [PhysX] Initialized MultithreadedTaskDispatcher with 20 workers.
[PhysX] Initialized MultithreadedTaskDispatcher with 20 workers.
 -> (artifact id: '395c3f6c099bc187e0dfb2cf674d4641') in 0.019463 seconds
Number of updated asset objects reloaded before import = 0
Number of asset objects unloaded after import = 3
========================================================================
Received Import Request.
  Time since last request: 0.000455 seconds.
  path: Assets/kenney_shape-characters/PNG/Default/green_hand_rock.png
  artifactKey: Guid(81b36ce58d2e46b4da47db863fd2f5c3) Importer(815301076,1909f56bfc062723c751e8b465ee728b)
Start importing Assets/kenney_shape-characters/PNG/Default/green_hand_rock.png using Guid(81b36ce58d2e46b4da47db863fd2f5c3) Importer(815301076,1909f56bfc062723c751e8b465ee728b) [PhysX] Initialized MultithreadedTaskDispatcher with 20 workers.
[PhysX] Initialized MultithreadedTaskDispatcher with 20 workers.
 -> (artifact id: 'cafec8297c2f71255354873613b3fc32') in 0.023172 seconds
Number of updated asset objects reloaded before import = 0
Number of asset objects unloaded after import = 3
========================================================================
Received Import Request.
  Time since last request: 0.007889 seconds.
  path: Assets/kenney_shape-characters/PNG/Default/hand_yellow_peace.png
  artifactKey: Guid(9c5043dbbc8ef7940a1f28d90e5ca25e) Importer(815301076,1909f56bfc062723c751e8b465ee728b)
Start importing Assets/kenney_shape-characters/PNG/Default/hand_yellow_peace.png using Guid(9c5043dbbc8ef7940a1f28d90e5ca25e) Importer(815301076,1909f56bfc062723c751e8b465ee728b) [PhysX] Initialized MultithreadedTaskDispatcher with 20 workers.
[PhysX] Initialized MultithreadedTaskDispatcher with 20 workers.
 -> (artifact id: '62764950b28db5cdd12cb12dac7fc1b2') in 0.022726 seconds
Number of updated asset objects reloaded before import = 0
Number of asset objects unloaded after import = 3
========================================================================
Received Import Request.
  Time since last request: 0.392052 seconds.
  path: Assets/kenney_shape-characters/PNG/Default/hand_yellow_thumb.png
  artifactKey: Guid(05af2ce97c70ac54e89e3264267b0ca4) Importer(815301076,1909f56bfc062723c751e8b465ee728b)
Start importing Assets/kenney_shape-characters/PNG/Default/hand_yellow_thumb.png using Guid(05af2ce97c70ac54e89e3264267b0ca4) Importer(815301076,1909f56bfc062723c751e8b465ee728b) [PhysX] Initialized MultithreadedTaskDispatcher with 20 workers.
[PhysX] Initialized MultithreadedTaskDispatcher with 20 workers.
 -> (artifact id: 'd7030c317c60087beb609849a9db9d91') in 0.019166 seconds
Number of updated asset objects reloaded before import = 0
Number of asset objects unloaded after import = 3
========================================================================
Received Import Request.
  Time since last request: 0.007895 seconds.
  path: Assets/kenney_shape-characters/PNG/Default/pink_body_square.png
  artifactKey: Guid(763b6302ecb2a9045a92177a7120d416) Importer(815301076,1909f56bfc062723c751e8b465ee728b)
Start importing Assets/kenney_shape-characters/PNG/Default/pink_body_square.png using Guid(763b6302ecb2a9045a92177a7120d416) Importer(815301076,1909f56bfc062723c751e8b465ee728b) [PhysX] Initialized MultithreadedTaskDispatcher with 20 workers.
[PhysX] Initialized MultithreadedTaskDispatcher with 20 workers.
 -> (artifact id: 'a4c4b1a1070954f8cd59826cab8b20e9') in 0.019196 seconds
Number of updated asset objects reloaded before import = 0
Number of asset objects unloaded after import = 3
========================================================================
Received Import Request.
  Time since last request: 0.005551 seconds.
  path: Assets/kenney_shape-characters/PNG/Default/pink_hand_open.png
  artifactKey: Guid(65849da7b63c38c4a8af3be0a172c0c8) Importer(815301076,1909f56bfc062723c751e8b465ee728b)
Start importing Assets/kenney_shape-characters/PNG/Default/pink_hand_open.png using Guid(65849da7b63c38c4a8af3be0a172c0c8) Importer(815301076,1909f56bfc062723c751e8b465ee728b) [PhysX] Initialized MultithreadedTaskDispatcher with 20 workers.
[PhysX] Initialized MultithreadedTaskDispatcher with 20 workers.
 -> (artifact id: 'a03ba6e6327638a01db7101fd22e1041') in 0.020788 seconds
Number of updated asset objects reloaded before import = 0
Number of asset objects unloaded after import = 3
========================================================================
Received Import Request.
  Time since last request: 0.005321 seconds.
  path: Assets/kenney_shape-characters/PNG/Default/pink_hand_rock.png
  artifactKey: Guid(babac98e00bbd17439230ebdfd083376) Importer(815301076,1909f56bfc062723c751e8b465ee728b)
Start importing Assets/kenney_shape-characters/PNG/Default/pink_hand_rock.png using Guid(babac98e00bbd17439230ebdfd083376) Importer(815301076,1909f56bfc062723c751e8b465ee728b) [PhysX] Initialized MultithreadedTaskDispatcher with 20 workers.
[PhysX] Initialized MultithreadedTaskDispatcher with 20 workers.
 -> (artifact id: 'd01d7038c6590884520643b66bbcd103') in 0.019858 seconds
Number of updated asset objects reloaded before import = 0
Number of asset objects unloaded after import = 3
========================================================================
Received Import Request.
  Time since last request: 0.096848 seconds.
  path: Assets/kenney_shape-characters/PNG/Default/pink_hand_thumb.png
  artifactKey: Guid(6b703dab92e75cf4099706634dd518bf) Importer(815301076,1909f56bfc062723c751e8b465ee728b)
Start importing Assets/kenney_shape-characters/PNG/Default/pink_hand_thumb.png using Guid(6b703dab92e75cf4099706634dd518bf) Importer(815301076,1909f56bfc062723c751e8b465ee728b) [PhysX] Initialized MultithreadedTaskDispatcher with 20 workers.
[PhysX] Initialized MultithreadedTaskDispatcher with 20 workers.
 -> (artifact id: 'd1364d6e55257ea86b49dc59d00496d4') in 0.017969 seconds
Number of updated asset objects reloaded before import = 0
Number of asset objects unloaded after import = 3
========================================================================
Received Import Request.
  Time since last request: 0.007441 seconds.
  path: Assets/kenney_shape-characters/PNG/Default/purple_body_square.png
  artifactKey: Guid(996660dc8b59ef1418f8f4efe25d7ee2) Importer(815301076,1909f56bfc062723c751e8b465ee728b)
Start importing Assets/kenney_shape-characters/PNG/Default/purple_body_square.png using Guid(996660dc8b59ef1418f8f4efe25d7ee2) Importer(815301076,1909f56bfc062723c751e8b465ee728b) [PhysX] Initialized MultithreadedTaskDispatcher with 20 workers.
[PhysX] Initialized MultithreadedTaskDispatcher with 20 workers.
 -> (artifact id: '56c188b89dd23e4473e739ab4eaee11c') in 0.017508 seconds
Number of updated asset objects reloaded before import = 0
Number of asset objects unloaded after import = 3
========================================================================
Received Import Request.
  Time since last request: 0.000251 seconds.
  path: Assets/kenney_shape-characters/PNG/Default/purple_hand_open.png
  artifactKey: Guid(58e27d6ec1f568e40acce9d65165c331) Importer(815301076,1909f56bfc062723c751e8b465ee728b)
Start importing Assets/kenney_shape-characters/PNG/Default/purple_hand_open.png using Guid(58e27d6ec1f568e40acce9d65165c331) Importer(815301076,1909f56bfc062723c751e8b465ee728b) [PhysX] Initialized MultithreadedTaskDispatcher with 20 workers.
[PhysX] Initialized MultithreadedTaskDispatcher with 20 workers.
 -> (artifact id: 'bf69ffdca7d8ba13965e002d05ea87b5') in 0.018199 seconds
Number of updated asset objects reloaded before import = 0
Number of asset objects unloaded after import = 3
========================================================================
Received Import Request.
  Time since last request: 0.002953 seconds.
  path: Assets/kenney_shape-characters/PNG/Default/purple_hand_rock.png
  artifactKey: Guid(e4a0249dc2c339b4aae9d1438e9db1ea) Importer(815301076,1909f56bfc062723c751e8b465ee728b)
Start importing Assets/kenney_shape-characters/PNG/Default/purple_hand_rock.png using Guid(e4a0249dc2c339b4aae9d1438e9db1ea) Importer(815301076,1909f56bfc062723c751e8b465ee728b) [PhysX] Initialized MultithreadedTaskDispatcher with 20 workers.
[PhysX] Initialized MultithreadedTaskDispatcher with 20 workers.
 -> (artifact id: 'ab0d4edf048552a4550dfe9c0705e94a') in 0.021661 seconds
Number of updated asset objects reloaded before import = 0
Number of asset objects unloaded after import = 3
========================================================================
Received Import Request.
  Time since last request: 0.002621 seconds.
  path: Assets/kenney_shape-characters/PNG/Default/purple_hand_thumb.png
  artifactKey: Guid(60523c243b84c4c4d97e303c47a1033d) Importer(815301076,1909f56bfc062723c751e8b465ee728b)
Start importing Assets/kenney_shape-characters/PNG/Default/purple_hand_thumb.png using Guid(60523c243b84c4c4d97e303c47a1033d) Importer(815301076,1909f56bfc062723c751e8b465ee728b) [PhysX] Initialized MultithreadedTaskDispatcher with 20 workers.
[PhysX] Initialized MultithreadedTaskDispatcher with 20 workers.
 -> (artifact id: 'fedbc997925886ca5c19d25717fb7b00') in 0.017214 seconds
Number of updated asset objects reloaded before import = 0
Number of asset objects unloaded after import = 3
========================================================================
Received Import Request.
  Time since last request: 0.001552 seconds.
  path: Assets/kenney_shape-characters/PNG/Default/red_body_rhombus.png
  artifactKey: Guid(266bb02f29788674aa1bbe5de0555154) Importer(815301076,1909f56bfc062723c751e8b465ee728b)
Start importing Assets/kenney_shape-characters/PNG/Default/red_body_rhombus.png using Guid(266bb02f29788674aa1bbe5de0555154) Importer(815301076,1909f56bfc062723c751e8b465ee728b) [PhysX] Initialized MultithreadedTaskDispatcher with 20 workers.
[PhysX] Initialized MultithreadedTaskDispatcher with 20 workers.
 -> (artifact id: '2c72bd542373c6f06f5782ae72b6316c') in 0.028817 seconds
Number of updated asset objects reloaded before import = 0
Number of asset objects unloaded after import = 3
========================================================================
Received Import Request.
  Time since last request: 0.004130 seconds.
  path: Assets/kenney_shape-characters/PNG/Default/red_hand_open.png
  artifactKey: Guid(bf8043f5d7ea8aa45bd8807ae8a712d6) Importer(815301076,1909f56bfc062723c751e8b465ee728b)
Start importing Assets/kenney_shape-characters/PNG/Default/red_hand_open.png using Guid(bf8043f5d7ea8aa45bd8807ae8a712d6) Importer(815301076,1909f56bfc062723c751e8b465ee728b) [PhysX] Initialized MultithreadedTaskDispatcher with 20 workers.
[PhysX] Initialized MultithreadedTaskDispatcher with 20 workers.
 -> (artifact id: '9dd0a31d8b9c7e99c1479bc0c9551177') in 0.025872 seconds
Number of updated asset objects reloaded before import = 0
Number of asset objects unloaded after import = 3
========================================================================
Received Import Request.
  Time since last request: 0.001423 seconds.
  path: Assets/kenney_shape-characters/PNG/Default/red_hand_point.png
  artifactKey: Guid(8a8796e557e9391488be0038a627809f) Importer(815301076,1909f56bfc062723c751e8b465ee728b)
Start importing Assets/kenney_shape-characters/PNG/Default/red_hand_point.png using Guid(8a8796e557e9391488be0038a627809f) Importer(815301076,1909f56bfc062723c751e8b465ee728b) [PhysX] Initialized MultithreadedTaskDispatcher with 20 workers.
[PhysX] Initialized MultithreadedTaskDispatcher with 20 workers.
 -> (artifact id: '88abce671e40f1694171b64b734f1efc') in 0.049827 seconds
Number of updated asset objects reloaded before import = 0
Number of asset objects unloaded after import = 3
========================================================================
Received Import Request.
  Time since last request: 0.183564 seconds.
  path: Assets/kenney_shape-characters/PNG/Default/red_hand_thumb.png
  artifactKey: Guid(7d2b09578aaf4cb48ac40a3cbd169389) Importer(815301076,1909f56bfc062723c751e8b465ee728b)
Start importing Assets/kenney_shape-characters/PNG/Default/red_hand_thumb.png using Guid(7d2b09578aaf4cb48ac40a3cbd169389) Importer(815301076,1909f56bfc062723c751e8b465ee728b) [PhysX] Initialized MultithreadedTaskDispatcher with 20 workers.
[PhysX] Initialized MultithreadedTaskDispatcher with 20 workers.
 -> (artifact id: '85a6d6e565bebdda013b3df3c3b94e76') in 0.034432 seconds
Number of updated asset objects reloaded before import = 0
Number of asset objects unloaded after import = 3
========================================================================
Received Import Request.
  Time since last request: 0.003207 seconds.
  path: Assets/kenney_shape-characters/PNG/Default/tile.png
  artifactKey: Guid(2318c4b2abbeb0b439811b2dee42fdf9) Importer(815301076,1909f56bfc062723c751e8b465ee728b)
Start importing Assets/kenney_shape-characters/PNG/Default/tile.png using Guid(2318c4b2abbeb0b439811b2dee42fdf9) Importer(815301076,1909f56bfc062723c751e8b465ee728b) [PhysX] Initialized MultithreadedTaskDispatcher with 20 workers.
[PhysX] Initialized MultithreadedTaskDispatcher with 20 workers.
 -> (artifact id: '1f86e9fbf5c2c20d357ffb33a0fbf5f1') in 0.036290 seconds
Number of updated asset objects reloaded before import = 0
Number of asset objects unloaded after import = 3
========================================================================
Received Import Request.
  Time since last request: 0.001206 seconds.
  path: Assets/kenney_shape-characters/PNG/Default/tile_background_tree_large.png
  artifactKey: Guid(603bde15ddaa20f469041dfe56ad60ab) Importer(815301076,1909f56bfc062723c751e8b465ee728b)
Start importing Assets/kenney_shape-characters/PNG/Default/tile_background_tree_large.png using Guid(603bde15ddaa20f469041dfe56ad60ab) Importer(815301076,1909f56bfc062723c751e8b465ee728b) [PhysX] Initialized MultithreadedTaskDispatcher with 20 workers.
[PhysX] Initialized MultithreadedTaskDispatcher with 20 workers.
 -> (artifact id: '2fcc77ec0b4538369687bd609c2a73d7') in 0.036664 seconds
Number of updated asset objects reloaded before import = 0
Number of asset objects unloaded after import = 3
========================================================================
Received Import Request.
  Time since last request: 0.017840 seconds.
  path: Assets/kenney_shape-characters/PNG/Default/tile_cloud.png
  artifactKey: Guid(112203a2e4a98fa46ad4d4aba987a863) Importer(815301076,1909f56bfc062723c751e8b465ee728b)
Start importing Assets/kenney_shape-characters/PNG/Default/tile_cloud.png using Guid(112203a2e4a98fa46ad4d4aba987a863) Importer(815301076,1909f56bfc062723c751e8b465ee728b) [PhysX] Initialized MultithreadedTaskDispatcher with 20 workers.
[PhysX] Initialized MultithreadedTaskDispatcher with 20 workers.
 -> (artifact id: '475238051b73685f890f44e13bb15892') in 0.043177 seconds
Number of updated asset objects reloaded before import = 0
Number of asset objects unloaded after import = 3
========================================================================
Received Import Request.
  Time since last request: 0.019667 seconds.
  path: Assets/kenney_shape-characters/PNG/Default/tile_grey.png
  artifactKey: Guid(a6caeb5670df8de4cbdf5945500f292f) Importer(815301076,1909f56bfc062723c751e8b465ee728b)
Start importing Assets/kenney_shape-characters/PNG/Default/tile_grey.png using Guid(a6caeb5670df8de4cbdf5945500f292f) Importer(815301076,1909f56bfc062723c751e8b465ee728b) [PhysX] Initialized MultithreadedTaskDispatcher with 20 workers.
[PhysX] Initialized MultithreadedTaskDispatcher with 20 workers.
 -> (artifact id: 'b81538e724903e3c5dd27428085b7c57') in 0.030467 seconds
Number of updated asset objects reloaded before import = 0
Number of asset objects unloaded after import = 3
========================================================================
Received Import Request.
  Time since last request: 0.004277 seconds.
  path: Assets/kenney_shape-characters/PNG/Default/tile_half_center.png
  artifactKey: Guid(72a88dbbb07a39e44b1ee0c65173f3db) Importer(815301076,1909f56bfc062723c751e8b465ee728b)
Start importing Assets/kenney_shape-characters/PNG/Default/tile_half_center.png using Guid(72a88dbbb07a39e44b1ee0c65173f3db) Importer(815301076,1909f56bfc062723c751e8b465ee728b) [PhysX] Initialized MultithreadedTaskDispatcher with 20 workers.
[PhysX] Initialized MultithreadedTaskDispatcher with 20 workers.
 -> (artifact id: 'd89a20617482947756e5623149bb83c1') in 0.037235 seconds
Number of updated asset objects reloaded before import = 0
Number of asset objects unloaded after import = 3
========================================================================
Received Import Request.
  Time since last request: 0.003872 seconds.
  path: Assets/kenney_shape-characters/PNG/Default/tile_ramp_left.png
  artifactKey: Guid(dad38267d48c38c4480610f7b267e022) Importer(815301076,1909f56bfc062723c751e8b465ee728b)
Start importing Assets/kenney_shape-characters/PNG/Default/tile_ramp_left.png using Guid(dad38267d48c38c4480610f7b267e022) Importer(815301076,1909f56bfc062723c751e8b465ee728b) [PhysX] Initialized MultithreadedTaskDispatcher with 20 workers.
[PhysX] Initialized MultithreadedTaskDispatcher with 20 workers.
 -> (artifact id: 'e9ffc1c74b5e8842bcf7f8b0843c652a') in 0.041556 seconds
Number of updated asset objects reloaded before import = 0
Number of asset objects unloaded after import = 3
========================================================================
Received Import Request.
  Time since last request: 0.012824 seconds.
  path: Assets/kenney_shape-characters/PNG/Default/yellow_body_circle.png
  artifactKey: Guid(9665cfae357c53741a4133cd802306d2) Importer(815301076,1909f56bfc062723c751e8b465ee728b)
Start importing Assets/kenney_shape-characters/PNG/Default/yellow_body_circle.png using Guid(9665cfae357c53741a4133cd802306d2) Importer(815301076,1909f56bfc062723c751e8b465ee728b) [PhysX] Initialized MultithreadedTaskDispatcher with 20 workers.
[PhysX] Initialized MultithreadedTaskDispatcher with 20 workers.
 -> (artifact id: 'f9eacdf90cafde2506dacd15cb512e74') in 0.033996 seconds
Number of updated asset objects reloaded before import = 0
Number of asset objects unloaded after import = 3
========================================================================
Received Import Request.
  Time since last request: 0.004234 seconds.
  path: Assets/kenney_shape-characters/PNG/Default/yellow_body_square.png
  artifactKey: Guid(2411e956e8318f242a2638911efc0f67) Importer(815301076,1909f56bfc062723c751e8b465ee728b)
Start importing Assets/kenney_shape-characters/PNG/Default/yellow_body_square.png using Guid(2411e956e8318f242a2638911efc0f67) Importer(815301076,1909f56bfc062723c751e8b465ee728b) [PhysX] Initialized MultithreadedTaskDispatcher with 20 workers.
[PhysX] Initialized MultithreadedTaskDispatcher with 20 workers.
 -> (artifact id: '5f8ceabd5b079d66d28a354ea3d63315') in 0.038096 seconds
Number of updated asset objects reloaded before import = 0
Number of asset objects unloaded after import = 3
